INFO 2022-04-07 19:55:23,796 C:\Users\Ritik\AppData\Local\Programs\Python\Python39\lib\site-packages\django\utils\autoreload.py Watching for file changes with StatReloader
INFO 2022-04-07 19:55:24,093 C:\Users\Ritik\AppData\Local\Programs\Python\Python39\lib\site-packages\oauth2client\transport.py Attempting refresh to obtain initial access_token
INFO 2022-04-07 19:55:24,097 C:\Users\Ritik\AppData\Local\Programs\Python\Python39\lib\site-packages\oauth2client\client.py Refreshing access_token
INFO 2022-04-07 19:55:25,682 C:\Users\Ritik\AppData\Local\Programs\Python\Python39\lib\site-packages\oauth2client\transport.py Attempting refresh to obtain initial access_token
INFO 2022-04-07 19:55:25,686 C:\Users\Ritik\AppData\Local\Programs\Python\Python39\lib\site-packages\oauth2client\client.py Refreshing access_token
INFO 2022-04-08 10:33:41,813 C:\Users\Ritik\AppData\Local\Programs\Python\Python39\lib\site-packages\django\utils\autoreload.py Watching for file changes with StatReloader
INFO 2022-04-08 10:33:42,767 C:\Users\Ritik\AppData\Local\Programs\Python\Python39\lib\site-packages\oauth2client\transport.py Attempting refresh to obtain initial access_token
INFO 2022-04-08 10:33:42,772 C:\Users\Ritik\AppData\Local\Programs\Python\Python39\lib\site-packages\oauth2client\client.py Refreshing access_token
INFO 2022-04-08 10:33:44,301 C:\Users\Ritik\AppData\Local\Programs\Python\Python39\lib\site-packages\oauth2client\transport.py Attempting refresh to obtain initial access_token
INFO 2022-04-08 10:33:44,305 C:\Users\Ritik\AppData\Local\Programs\Python\Python39\lib\site-packages\oauth2client\client.py Refreshing access_token
INFO 2022-04-08 10:34:12,486 C:\Users\Ritik\AppData\Local\Programs\Python\Python39\lib\site-packages\oauth2client\transport.py Attempting refresh to obtain initial access_token
INFO 2022-04-08 10:34:12,492 C:\Users\Ritik\AppData\Local\Programs\Python\Python39\lib\site-packages\oauth2client\client.py Refreshing access_token
INFO 2022-04-08 10:34:13,724 C:\Users\Ritik\AppData\Local\Programs\Python\Python39\lib\site-packages\oauth2client\transport.py Attempting refresh to obtain initial access_token
INFO 2022-04-08 10:34:13,728 C:\Users\Ritik\AppData\Local\Programs\Python\Python39\lib\site-packages\oauth2client\client.py Refreshing access_token
INFO 2022-04-08 10:34:20,264 C:\Users\Ritik\AppData\Local\Programs\Python\Python39\lib\site-packages\django\utils\autoreload.py Watching for file changes with StatReloader
INFO 2022-04-08 10:34:20,551 C:\Users\Ritik\AppData\Local\Programs\Python\Python39\lib\site-packages\oauth2client\transport.py Attempting refresh to obtain initial access_token
INFO 2022-04-08 10:34:20,556 C:\Users\Ritik\AppData\Local\Programs\Python\Python39\lib\site-packages\oauth2client\client.py Refreshing access_token
INFO 2022-04-08 10:34:21,656 C:\Users\Ritik\AppData\Local\Programs\Python\Python39\lib\site-packages\oauth2client\transport.py Attempting refresh to obtain initial access_token
INFO 2022-04-08 10:34:21,660 C:\Users\Ritik\AppData\Local\Programs\Python\Python39\lib\site-packages\oauth2client\client.py Refreshing access_token
INFO 2022-04-08 11:24:36,270 C:\Users\Ritik\AppData\Local\Programs\Python\Python39\lib\site-packages\django\utils\autoreload.py Watching for file changes with StatReloader
INFO 2022-04-08 11:24:36,558 C:\Users\Ritik\AppData\Local\Programs\Python\Python39\lib\site-packages\oauth2client\transport.py Attempting refresh to obtain initial access_token
INFO 2022-04-08 11:24:36,563 C:\Users\Ritik\AppData\Local\Programs\Python\Python39\lib\site-packages\oauth2client\client.py Refreshing access_token
INFO 2022-04-08 11:24:38,008 C:\Users\Ritik\AppData\Local\Programs\Python\Python39\lib\site-packages\oauth2client\transport.py Attempting refresh to obtain initial access_token
INFO 2022-04-08 11:24:38,012 C:\Users\Ritik\AppData\Local\Programs\Python\Python39\lib\site-packages\oauth2client\client.py Refreshing access_token
INFO 2022-04-08 11:32:26,211 C:\Users\Ritik\AppData\Local\Programs\Python\Python39\lib\site-packages\django\utils\autoreload.py D:\DjangoProject\Top5-master\Top5Site\main\views.py changed, reloading.
INFO 2022-04-08 11:32:26,900 C:\Users\Ritik\AppData\Local\Programs\Python\Python39\lib\site-packages\django\utils\autoreload.py Watching for file changes with StatReloader
INFO 2022-04-08 11:32:27,255 C:\Users\Ritik\AppData\Local\Programs\Python\Python39\lib\site-packages\oauth2client\transport.py Attempting refresh to obtain initial access_token
INFO 2022-04-08 11:32:27,261 C:\Users\Ritik\AppData\Local\Programs\Python\Python39\lib\site-packages\oauth2client\client.py Refreshing access_token
INFO 2022-04-08 11:32:28,437 C:\Users\Ritik\AppData\Local\Programs\Python\Python39\lib\site-packages\oauth2client\transport.py Attempting refresh to obtain initial access_token
INFO 2022-04-08 11:32:28,441 C:\Users\Ritik\AppData\Local\Programs\Python\Python39\lib\site-packages\oauth2client\client.py Refreshing access_token
INFO 2022-04-08 11:33:22,236 C:\Users\Ritik\AppData\Local\Programs\Python\Python39\lib\site-packages\django\utils\autoreload.py D:\DjangoProject\Top5-master\Top5Site\main\views.py changed, reloading.
INFO 2022-04-08 11:33:22,887 C:\Users\Ritik\AppData\Local\Programs\Python\Python39\lib\site-packages\django\utils\autoreload.py Watching for file changes with StatReloader
INFO 2022-04-08 11:33:23,188 C:\Users\Ritik\AppData\Local\Programs\Python\Python39\lib\site-packages\oauth2client\transport.py Attempting refresh to obtain initial access_token
INFO 2022-04-08 11:33:23,192 C:\Users\Ritik\AppData\Local\Programs\Python\Python39\lib\site-packages\oauth2client\client.py Refreshing access_token
INFO 2022-04-08 11:33:24,461 C:\Users\Ritik\AppData\Local\Programs\Python\Python39\lib\site-packages\oauth2client\transport.py Attempting refresh to obtain initial access_token
INFO 2022-04-08 11:33:24,465 C:\Users\Ritik\AppData\Local\Programs\Python\Python39\lib\site-packages\oauth2client\client.py Refreshing access_token
INFO 2022-04-08 12:58:22,217 C:\Users\Ritik\AppData\Local\Programs\Python\Python39\lib\site-packages\oauth2client\client.py access_token is expired. Now: 2022-04-08 07:28:22.217773, token_expiry: 2022-04-08 07:03:22.551158
INFO 2022-04-08 12:58:22,221 C:\Users\Ritik\AppData\Local\Programs\Python\Python39\lib\site-packages\oauth2client\client.py Refreshing access_token
INFO 2022-04-08 13:00:47,323 C:\Users\Ritik\AppData\Local\Programs\Python\Python39\lib\site-packages\django\utils\autoreload.py Watching for file changes with StatReloader
INFO 2022-04-08 13:00:47,630 C:\Users\Ritik\AppData\Local\Programs\Python\Python39\lib\site-packages\oauth2client\transport.py Attempting refresh to obtain initial access_token
INFO 2022-04-08 13:00:47,634 C:\Users\Ritik\AppData\Local\Programs\Python\Python39\lib\site-packages\oauth2client\client.py Refreshing access_token
INFO 2022-04-08 13:00:48,867 C:\Users\Ritik\AppData\Local\Programs\Python\Python39\lib\site-packages\oauth2client\transport.py Attempting refresh to obtain initial access_token
INFO 2022-04-08 13:00:48,872 C:\Users\Ritik\AppData\Local\Programs\Python\Python39\lib\site-packages\oauth2client\client.py Refreshing access_token
INFO 2022-04-08 13:07:03,072 C:\Users\Ritik\AppData\Local\Programs\Python\Python39\lib\site-packages\django\utils\autoreload.py Watching for file changes with StatReloader
INFO 2022-04-08 13:07:03,370 C:\Users\Ritik\AppData\Local\Programs\Python\Python39\lib\site-packages\oauth2client\transport.py Attempting refresh to obtain initial access_token
INFO 2022-04-08 13:07:03,375 C:\Users\Ritik\AppData\Local\Programs\Python\Python39\lib\site-packages\oauth2client\client.py Refreshing access_token
INFO 2022-04-08 13:07:04,921 C:\Users\Ritik\AppData\Local\Programs\Python\Python39\lib\site-packages\oauth2client\transport.py Attempting refresh to obtain initial access_token
INFO 2022-04-08 13:07:04,925 C:\Users\Ritik\AppData\Local\Programs\Python\Python39\lib\site-packages\oauth2client\client.py Refreshing access_token
INFO 2022-04-08 13:24:15,846 C:\Users\Ritik\AppData\Local\Programs\Python\Python39\lib\site-packages\django\utils\autoreload.py D:\DjangoProject\Top5-master\Top5Site\main\views.py changed, reloading.
INFO 2022-04-08 13:24:16,477 C:\Users\Ritik\AppData\Local\Programs\Python\Python39\lib\site-packages\django\utils\autoreload.py Watching for file changes with StatReloader
INFO 2022-04-08 13:24:16,809 C:\Users\Ritik\AppData\Local\Programs\Python\Python39\lib\site-packages\oauth2client\transport.py Attempting refresh to obtain initial access_token
INFO 2022-04-08 13:24:16,814 C:\Users\Ritik\AppData\Local\Programs\Python\Python39\lib\site-packages\oauth2client\client.py Refreshing access_token
INFO 2022-04-08 13:24:18,541 C:\Users\Ritik\AppData\Local\Programs\Python\Python39\lib\site-packages\oauth2client\transport.py Attempting refresh to obtain initial access_token
INFO 2022-04-08 13:24:18,545 C:\Users\Ritik\AppData\Local\Programs\Python\Python39\lib\site-packages\oauth2client\client.py Refreshing access_token
INFO 2022-04-08 13:26:19,580 C:\Users\Ritik\AppData\Local\Programs\Python\Python39\lib\site-packages\django\utils\autoreload.py D:\DjangoProject\Top5-master\Top5Site\main\views.py changed, reloading.
INFO 2022-04-08 13:26:20,222 C:\Users\Ritik\AppData\Local\Programs\Python\Python39\lib\site-packages\django\utils\autoreload.py Watching for file changes with StatReloader
INFO 2022-04-08 13:26:20,536 C:\Users\Ritik\AppData\Local\Programs\Python\Python39\lib\site-packages\oauth2client\transport.py Attempting refresh to obtain initial access_token
INFO 2022-04-08 13:26:20,541 C:\Users\Ritik\AppData\Local\Programs\Python\Python39\lib\site-packages\oauth2client\client.py Refreshing access_token
INFO 2022-04-08 13:26:21,747 C:\Users\Ritik\AppData\Local\Programs\Python\Python39\lib\site-packages\oauth2client\transport.py Attempting refresh to obtain initial access_token
INFO 2022-04-08 13:26:21,754 C:\Users\Ritik\AppData\Local\Programs\Python\Python39\lib\site-packages\oauth2client\client.py Refreshing access_token
ERROR 2022-04-08 13:26:59,453 C:\Users\Ritik\AppData\Local\Programs\Python\Python39\lib\site-packages\django\utils\log.py Internal Server Error: /posts/-MzTr1-9IKMsAMdesMyE/
Traceback (most recent call last):
  File "D:\DjangoProject\Top5-master\Top5Site\main\views.py", line 893, in post
    return JsonResponse({"result": "success", "likes": currLikeCount, "likesCount":currLikeCount, "likeStrWR":likeStr,})
UnboundLocalError: local variable 'likeStr' referenced before assignment

During handling of the above exception, another exception occurred:

Traceback (most recent call last):
  File "C:\Users\Ritik\AppData\Local\Programs\Python\Python39\lib\site-packages\django\core\handlers\exception.py", line 34, in inner
    response = get_response(request)
  File "C:\Users\Ritik\AppData\Local\Programs\Python\Python39\lib\site-packages\django\core\handlers\base.py", line 115, in _get_response
    response = self.process_exception_by_middleware(e, request)
  File "C:\Users\Ritik\AppData\Local\Programs\Python\Python39\lib\site-packages\django\core\handlers\base.py", line 113, in _get_response
    response = wrapped_callback(request, *callback_args, **callback_kwargs)
  File "D:\DjangoProject\Top5-master\Top5Site\main\views.py", line 895, in post
    return JsonResponse({"result": "failure","likeStrWR":likeStr,})
UnboundLocalError: local variable 'likeStr' referenced before assignment
ERROR 2022-04-08 13:26:59,454 C:\Users\Ritik\AppData\Local\Programs\Python\Python39\lib\site-packages\django\core\servers\basehttp.py "POST /posts/-MzTr1-9IKMsAMdesMyE/ HTTP/1.1" 500 25734
ERROR 2022-04-08 13:27:04,197 C:\Users\Ritik\AppData\Local\Programs\Python\Python39\lib\site-packages\django\utils\log.py Internal Server Error: /posts/-MzTr1-9IKMsAMdesMyE/
Traceback (most recent call last):
  File "D:\DjangoProject\Top5-master\Top5Site\main\views.py", line 893, in post
    return JsonResponse({"result": "success", "likes": currLikeCount, "likesCount":currLikeCount, "likeStrWR":likeStr,})
UnboundLocalError: local variable 'likeStr' referenced before assignment

During handling of the above exception, another exception occurred:

Traceback (most recent call last):
  File "C:\Users\Ritik\AppData\Local\Programs\Python\Python39\lib\site-packages\django\core\handlers\exception.py", line 34, in inner
    response = get_response(request)
  File "C:\Users\Ritik\AppData\Local\Programs\Python\Python39\lib\site-packages\django\core\handlers\base.py", line 115, in _get_response
    response = self.process_exception_by_middleware(e, request)
  File "C:\Users\Ritik\AppData\Local\Programs\Python\Python39\lib\site-packages\django\core\handlers\base.py", line 113, in _get_response
    response = wrapped_callback(request, *callback_args, **callback_kwargs)
  File "D:\DjangoProject\Top5-master\Top5Site\main\views.py", line 895, in post
    return JsonResponse({"result": "failure","likeStrWR":likeStr,})
UnboundLocalError: local variable 'likeStr' referenced before assignment
ERROR 2022-04-08 13:27:04,198 C:\Users\Ritik\AppData\Local\Programs\Python\Python39\lib\site-packages\django\core\servers\basehttp.py "POST /posts/-MzTr1-9IKMsAMdesMyE/ HTTP/1.1" 500 25734
ERROR 2022-04-08 13:27:07,364 C:\Users\Ritik\AppData\Local\Programs\Python\Python39\lib\site-packages\django\utils\log.py Internal Server Error: /posts/-MzTr1-9IKMsAMdesMyE/
Traceback (most recent call last):
  File "D:\DjangoProject\Top5-master\Top5Site\main\views.py", line 893, in post
    return JsonResponse({"result": "success", "likes": currLikeCount, "likesCount":currLikeCount, "likeStrWR":likeStr,})
UnboundLocalError: local variable 'likeStr' referenced before assignment

During handling of the above exception, another exception occurred:

Traceback (most recent call last):
  File "C:\Users\Ritik\AppData\Local\Programs\Python\Python39\lib\site-packages\django\core\handlers\exception.py", line 34, in inner
    response = get_response(request)
  File "C:\Users\Ritik\AppData\Local\Programs\Python\Python39\lib\site-packages\django\core\handlers\base.py", line 115, in _get_response
    response = self.process_exception_by_middleware(e, request)
  File "C:\Users\Ritik\AppData\Local\Programs\Python\Python39\lib\site-packages\django\core\handlers\base.py", line 113, in _get_response
    response = wrapped_callback(request, *callback_args, **callback_kwargs)
  File "D:\DjangoProject\Top5-master\Top5Site\main\views.py", line 895, in post
    return JsonResponse({"result": "failure","likeStrWR":likeStr,})
UnboundLocalError: local variable 'likeStr' referenced before assignment
ERROR 2022-04-08 13:27:07,365 C:\Users\Ritik\AppData\Local\Programs\Python\Python39\lib\site-packages\django\core\servers\basehttp.py "POST /posts/-MzTr1-9IKMsAMdesMyE/ HTTP/1.1" 500 25734
ERROR 2022-04-08 13:27:15,238 C:\Users\Ritik\AppData\Local\Programs\Python\Python39\lib\site-packages\django\utils\log.py Internal Server Error: /posts/-MzTr1-9IKMsAMdesMyE/
Traceback (most recent call last):
  File "D:\DjangoProject\Top5-master\Top5Site\main\views.py", line 893, in post
    return JsonResponse({"result": "success", "likes": currLikeCount, "likesCount":currLikeCount, "likeStrWR":likeStr,})
UnboundLocalError: local variable 'likeStr' referenced before assignment

During handling of the above exception, another exception occurred:

Traceback (most recent call last):
  File "C:\Users\Ritik\AppData\Local\Programs\Python\Python39\lib\site-packages\django\core\handlers\exception.py", line 34, in inner
    response = get_response(request)
  File "C:\Users\Ritik\AppData\Local\Programs\Python\Python39\lib\site-packages\django\core\handlers\base.py", line 115, in _get_response
    response = self.process_exception_by_middleware(e, request)
  File "C:\Users\Ritik\AppData\Local\Programs\Python\Python39\lib\site-packages\django\core\handlers\base.py", line 113, in _get_response
    response = wrapped_callback(request, *callback_args, **callback_kwargs)
  File "D:\DjangoProject\Top5-master\Top5Site\main\views.py", line 895, in post
    return JsonResponse({"result": "failure","likeStrWR":likeStr,})
UnboundLocalError: local variable 'likeStr' referenced before assignment
ERROR 2022-04-08 13:27:15,239 C:\Users\Ritik\AppData\Local\Programs\Python\Python39\lib\site-packages\django\core\servers\basehttp.py "POST /posts/-MzTr1-9IKMsAMdesMyE/ HTTP/1.1" 500 25734
ERROR 2022-04-08 13:27:16,267 C:\Users\Ritik\AppData\Local\Programs\Python\Python39\lib\site-packages\django\utils\log.py Internal Server Error: /posts/-MzTr1-9IKMsAMdesMyE/
Traceback (most recent call last):
  File "D:\DjangoProject\Top5-master\Top5Site\main\views.py", line 893, in post
    return JsonResponse({"result": "success", "likes": currLikeCount, "likesCount":currLikeCount, "likeStrWR":likeStr,})
UnboundLocalError: local variable 'likeStr' referenced before assignment

During handling of the above exception, another exception occurred:

Traceback (most recent call last):
  File "C:\Users\Ritik\AppData\Local\Programs\Python\Python39\lib\site-packages\django\core\handlers\exception.py", line 34, in inner
    response = get_response(request)
  File "C:\Users\Ritik\AppData\Local\Programs\Python\Python39\lib\site-packages\django\core\handlers\base.py", line 115, in _get_response
    response = self.process_exception_by_middleware(e, request)
  File "C:\Users\Ritik\AppData\Local\Programs\Python\Python39\lib\site-packages\django\core\handlers\base.py", line 113, in _get_response
    response = wrapped_callback(request, *callback_args, **callback_kwargs)
  File "D:\DjangoProject\Top5-master\Top5Site\main\views.py", line 895, in post
    return JsonResponse({"result": "failure","likeStrWR":likeStr,})
UnboundLocalError: local variable 'likeStr' referenced before assignment
ERROR 2022-04-08 13:27:16,270 C:\Users\Ritik\AppData\Local\Programs\Python\Python39\lib\site-packages\django\utils\log.py Internal Server Error: /posts/-MzTr1-9IKMsAMdesMyE/
Traceback (most recent call last):
  File "D:\DjangoProject\Top5-master\Top5Site\main\views.py", line 893, in post
    return JsonResponse({"result": "success", "likes": currLikeCount, "likesCount":currLikeCount, "likeStrWR":likeStr,})
UnboundLocalError: local variable 'likeStr' referenced before assignment

During handling of the above exception, another exception occurred:

Traceback (most recent call last):
  File "C:\Users\Ritik\AppData\Local\Programs\Python\Python39\lib\site-packages\django\core\handlers\exception.py", line 34, in inner
    response = get_response(request)
  File "C:\Users\Ritik\AppData\Local\Programs\Python\Python39\lib\site-packages\django\core\handlers\base.py", line 115, in _get_response
    response = self.process_exception_by_middleware(e, request)
  File "C:\Users\Ritik\AppData\Local\Programs\Python\Python39\lib\site-packages\django\core\handlers\base.py", line 113, in _get_response
    response = wrapped_callback(request, *callback_args, **callback_kwargs)
  File "D:\DjangoProject\Top5-master\Top5Site\main\views.py", line 895, in post
    return JsonResponse({"result": "failure","likeStrWR":likeStr,})
UnboundLocalError: local variable 'likeStr' referenced before assignment
ERROR 2022-04-08 13:27:16,271 C:\Users\Ritik\AppData\Local\Programs\Python\Python39\lib\site-packages\django\core\servers\basehttp.py "POST /posts/-MzTr1-9IKMsAMdesMyE/ HTTP/1.1" 500 25734
ERROR 2022-04-08 13:27:16,271 C:\Users\Ritik\AppData\Local\Programs\Python\Python39\lib\site-packages\django\core\servers\basehttp.py "POST /posts/-MzTr1-9IKMsAMdesMyE/ HTTP/1.1" 500 25734
ERROR 2022-04-08 13:27:16,439 C:\Users\Ritik\AppData\Local\Programs\Python\Python39\lib\site-packages\django\utils\log.py Internal Server Error: /posts/-MzTr1-9IKMsAMdesMyE/
Traceback (most recent call last):
  File "D:\DjangoProject\Top5-master\Top5Site\main\views.py", line 893, in post
    return JsonResponse({"result": "success", "likes": currLikeCount, "likesCount":currLikeCount, "likeStrWR":likeStr,})
UnboundLocalError: local variable 'likeStr' referenced before assignment

During handling of the above exception, another exception occurred:

Traceback (most recent call last):
  File "C:\Users\Ritik\AppData\Local\Programs\Python\Python39\lib\site-packages\django\core\handlers\exception.py", line 34, in inner
    response = get_response(request)
  File "C:\Users\Ritik\AppData\Local\Programs\Python\Python39\lib\site-packages\django\core\handlers\base.py", line 115, in _get_response
    response = self.process_exception_by_middleware(e, request)
  File "C:\Users\Ritik\AppData\Local\Programs\Python\Python39\lib\site-packages\django\core\handlers\base.py", line 113, in _get_response
    response = wrapped_callback(request, *callback_args, **callback_kwargs)
  File "D:\DjangoProject\Top5-master\Top5Site\main\views.py", line 895, in post
    return JsonResponse({"result": "failure","likeStrWR":likeStr,})
UnboundLocalError: local variable 'likeStr' referenced before assignment
ERROR 2022-04-08 13:27:16,440 C:\Users\Ritik\AppData\Local\Programs\Python\Python39\lib\site-packages\django\core\servers\basehttp.py "POST /posts/-MzTr1-9IKMsAMdesMyE/ HTTP/1.1" 500 25734
ERROR 2022-04-08 13:27:16,623 C:\Users\Ritik\AppData\Local\Programs\Python\Python39\lib\site-packages\django\utils\log.py Internal Server Error: /posts/-MzTr1-9IKMsAMdesMyE/
Traceback (most recent call last):
  File "D:\DjangoProject\Top5-master\Top5Site\main\views.py", line 893, in post
    return JsonResponse({"result": "success", "likes": currLikeCount, "likesCount":currLikeCount, "likeStrWR":likeStr,})
UnboundLocalError: local variable 'likeStr' referenced before assignment

During handling of the above exception, another exception occurred:

Traceback (most recent call last):
  File "C:\Users\Ritik\AppData\Local\Programs\Python\Python39\lib\site-packages\django\core\handlers\exception.py", line 34, in inner
    response = get_response(request)
  File "C:\Users\Ritik\AppData\Local\Programs\Python\Python39\lib\site-packages\django\core\handlers\base.py", line 115, in _get_response
    response = self.process_exception_by_middleware(e, request)
  File "C:\Users\Ritik\AppData\Local\Programs\Python\Python39\lib\site-packages\django\core\handlers\base.py", line 113, in _get_response
    response = wrapped_callback(request, *callback_args, **callback_kwargs)
  File "D:\DjangoProject\Top5-master\Top5Site\main\views.py", line 895, in post
    return JsonResponse({"result": "failure","likeStrWR":likeStr,})
UnboundLocalError: local variable 'likeStr' referenced before assignment
ERROR 2022-04-08 13:27:16,624 C:\Users\Ritik\AppData\Local\Programs\Python\Python39\lib\site-packages\django\core\servers\basehttp.py "POST /posts/-MzTr1-9IKMsAMdesMyE/ HTTP/1.1" 500 25734
INFO 2022-04-08 13:27:58,725 C:\Users\Ritik\AppData\Local\Programs\Python\Python39\lib\site-packages\django\utils\autoreload.py D:\DjangoProject\Top5-master\Top5Site\main\views.py changed, reloading.
INFO 2022-04-08 13:27:59,367 C:\Users\Ritik\AppData\Local\Programs\Python\Python39\lib\site-packages\django\utils\autoreload.py Watching for file changes with StatReloader
INFO 2022-04-08 13:27:59,715 C:\Users\Ritik\AppData\Local\Programs\Python\Python39\lib\site-packages\oauth2client\transport.py Attempting refresh to obtain initial access_token
INFO 2022-04-08 13:27:59,721 C:\Users\Ritik\AppData\Local\Programs\Python\Python39\lib\site-packages\oauth2client\client.py Refreshing access_token
INFO 2022-04-08 13:28:00,967 C:\Users\Ritik\AppData\Local\Programs\Python\Python39\lib\site-packages\oauth2client\transport.py Attempting refresh to obtain initial access_token
INFO 2022-04-08 13:28:00,971 C:\Users\Ritik\AppData\Local\Programs\Python\Python39\lib\site-packages\oauth2client\client.py Refreshing access_token
INFO 2022-04-08 13:44:21,701 C:\Users\Ritik\AppData\Local\Programs\Python\Python39\lib\site-packages\django\utils\autoreload.py D:\DjangoProject\Top5-master\Top5Site\main\views.py changed, reloading.
INFO 2022-04-08 13:44:22,408 C:\Users\Ritik\AppData\Local\Programs\Python\Python39\lib\site-packages\django\utils\autoreload.py Watching for file changes with StatReloader
INFO 2022-04-08 13:44:22,762 C:\Users\Ritik\AppData\Local\Programs\Python\Python39\lib\site-packages\oauth2client\transport.py Attempting refresh to obtain initial access_token
INFO 2022-04-08 13:44:22,767 C:\Users\Ritik\AppData\Local\Programs\Python\Python39\lib\site-packages\oauth2client\client.py Refreshing access_token
INFO 2022-04-08 13:44:24,496 C:\Users\Ritik\AppData\Local\Programs\Python\Python39\lib\site-packages\oauth2client\transport.py Attempting refresh to obtain initial access_token
INFO 2022-04-08 13:44:24,500 C:\Users\Ritik\AppData\Local\Programs\Python\Python39\lib\site-packages\oauth2client\client.py Refreshing access_token
INFO 2022-04-08 13:45:19,209 C:\Users\Ritik\AppData\Local\Programs\Python\Python39\lib\site-packages\django\utils\autoreload.py D:\DjangoProject\Top5-master\Top5Site\main\views.py changed, reloading.
INFO 2022-04-08 13:45:19,833 C:\Users\Ritik\AppData\Local\Programs\Python\Python39\lib\site-packages\django\utils\autoreload.py Watching for file changes with StatReloader
INFO 2022-04-08 13:45:20,145 C:\Users\Ritik\AppData\Local\Programs\Python\Python39\lib\site-packages\oauth2client\transport.py Attempting refresh to obtain initial access_token
INFO 2022-04-08 13:45:20,150 C:\Users\Ritik\AppData\Local\Programs\Python\Python39\lib\site-packages\oauth2client\client.py Refreshing access_token
INFO 2022-04-08 13:45:21,826 C:\Users\Ritik\AppData\Local\Programs\Python\Python39\lib\site-packages\oauth2client\transport.py Attempting refresh to obtain initial access_token
INFO 2022-04-08 13:45:21,831 C:\Users\Ritik\AppData\Local\Programs\Python\Python39\lib\site-packages\oauth2client\client.py Refreshing access_token
INFO 2022-04-08 13:48:17,370 C:\Users\Ritik\AppData\Local\Programs\Python\Python39\lib\site-packages\django\utils\autoreload.py D:\DjangoProject\Top5-master\Top5Site\main\views.py changed, reloading.
INFO 2022-04-08 13:48:18,021 C:\Users\Ritik\AppData\Local\Programs\Python\Python39\lib\site-packages\django\utils\autoreload.py Watching for file changes with StatReloader
INFO 2022-04-08 13:48:18,387 C:\Users\Ritik\AppData\Local\Programs\Python\Python39\lib\site-packages\oauth2client\transport.py Attempting refresh to obtain initial access_token
INFO 2022-04-08 13:48:18,393 C:\Users\Ritik\AppData\Local\Programs\Python\Python39\lib\site-packages\oauth2client\client.py Refreshing access_token
INFO 2022-04-08 13:48:20,491 C:\Users\Ritik\AppData\Local\Programs\Python\Python39\lib\site-packages\oauth2client\transport.py Attempting refresh to obtain initial access_token
INFO 2022-04-08 13:48:20,495 C:\Users\Ritik\AppData\Local\Programs\Python\Python39\lib\site-packages\oauth2client\client.py Refreshing access_token
INFO 2022-04-08 13:50:52,194 C:\Users\Ritik\AppData\Local\Programs\Python\Python39\lib\site-packages\django\utils\autoreload.py D:\DjangoProject\Top5-master\Top5Site\main\views.py changed, reloading.
INFO 2022-04-08 13:50:52,844 C:\Users\Ritik\AppData\Local\Programs\Python\Python39\lib\site-packages\django\utils\autoreload.py Watching for file changes with StatReloader
INFO 2022-04-08 13:50:53,190 C:\Users\Ritik\AppData\Local\Programs\Python\Python39\lib\site-packages\oauth2client\transport.py Attempting refresh to obtain initial access_token
INFO 2022-04-08 13:50:53,196 C:\Users\Ritik\AppData\Local\Programs\Python\Python39\lib\site-packages\oauth2client\client.py Refreshing access_token
INFO 2022-04-08 13:50:54,703 C:\Users\Ritik\AppData\Local\Programs\Python\Python39\lib\site-packages\oauth2client\transport.py Attempting refresh to obtain initial access_token
INFO 2022-04-08 13:50:54,707 C:\Users\Ritik\AppData\Local\Programs\Python\Python39\lib\site-packages\oauth2client\client.py Refreshing access_token
INFO 2022-04-08 14:00:57,631 C:\Users\Ritik\AppData\Local\Programs\Python\Python39\lib\site-packages\django\utils\autoreload.py D:\DjangoProject\Top5-master\Top5Site\main\views.py changed, reloading.
INFO 2022-04-08 14:00:58,301 C:\Users\Ritik\AppData\Local\Programs\Python\Python39\lib\site-packages\django\utils\autoreload.py Watching for file changes with StatReloader
INFO 2022-04-08 14:00:58,661 C:\Users\Ritik\AppData\Local\Programs\Python\Python39\lib\site-packages\oauth2client\transport.py Attempting refresh to obtain initial access_token
INFO 2022-04-08 14:00:58,666 C:\Users\Ritik\AppData\Local\Programs\Python\Python39\lib\site-packages\oauth2client\client.py Refreshing access_token
INFO 2022-04-08 14:01:00,699 C:\Users\Ritik\AppData\Local\Programs\Python\Python39\lib\site-packages\oauth2client\transport.py Attempting refresh to obtain initial access_token
INFO 2022-04-08 14:01:00,703 C:\Users\Ritik\AppData\Local\Programs\Python\Python39\lib\site-packages\oauth2client\client.py Refreshing access_token
INFO 2022-04-08 14:02:23,586 C:\Users\Ritik\AppData\Local\Programs\Python\Python39\lib\site-packages\django\utils\autoreload.py D:\DjangoProject\Top5-master\Top5Site\main\views.py changed, reloading.
INFO 2022-04-08 14:02:24,224 C:\Users\Ritik\AppData\Local\Programs\Python\Python39\lib\site-packages\django\utils\autoreload.py Watching for file changes with StatReloader
INFO 2022-04-08 14:02:24,534 C:\Users\Ritik\AppData\Local\Programs\Python\Python39\lib\site-packages\oauth2client\transport.py Attempting refresh to obtain initial access_token
INFO 2022-04-08 14:02:24,539 C:\Users\Ritik\AppData\Local\Programs\Python\Python39\lib\site-packages\oauth2client\client.py Refreshing access_token
INFO 2022-04-08 14:02:25,813 C:\Users\Ritik\AppData\Local\Programs\Python\Python39\lib\site-packages\oauth2client\transport.py Attempting refresh to obtain initial access_token
INFO 2022-04-08 14:02:25,817 C:\Users\Ritik\AppData\Local\Programs\Python\Python39\lib\site-packages\oauth2client\client.py Refreshing access_token
INFO 2022-04-08 14:03:36,101 C:\Users\Ritik\AppData\Local\Programs\Python\Python39\lib\site-packages\django\utils\autoreload.py D:\DjangoProject\Top5-master\Top5Site\main\views.py changed, reloading.
INFO 2022-04-08 14:03:36,755 C:\Users\Ritik\AppData\Local\Programs\Python\Python39\lib\site-packages\django\utils\autoreload.py Watching for file changes with StatReloader
INFO 2022-04-08 14:03:37,082 C:\Users\Ritik\AppData\Local\Programs\Python\Python39\lib\site-packages\oauth2client\transport.py Attempting refresh to obtain initial access_token
INFO 2022-04-08 14:03:37,087 C:\Users\Ritik\AppData\Local\Programs\Python\Python39\lib\site-packages\oauth2client\client.py Refreshing access_token
INFO 2022-04-08 14:03:38,462 C:\Users\Ritik\AppData\Local\Programs\Python\Python39\lib\site-packages\oauth2client\transport.py Attempting refresh to obtain initial access_token
INFO 2022-04-08 14:03:38,467 C:\Users\Ritik\AppData\Local\Programs\Python\Python39\lib\site-packages\oauth2client\client.py Refreshing access_token
INFO 2022-04-08 14:05:08,781 C:\Users\Ritik\AppData\Local\Programs\Python\Python39\lib\site-packages\django\utils\autoreload.py D:\DjangoProject\Top5-master\Top5Site\main\views.py changed, reloading.
INFO 2022-04-08 14:05:09,408 C:\Users\Ritik\AppData\Local\Programs\Python\Python39\lib\site-packages\django\utils\autoreload.py Watching for file changes with StatReloader
INFO 2022-04-08 14:05:09,715 C:\Users\Ritik\AppData\Local\Programs\Python\Python39\lib\site-packages\oauth2client\transport.py Attempting refresh to obtain initial access_token
INFO 2022-04-08 14:05:09,720 C:\Users\Ritik\AppData\Local\Programs\Python\Python39\lib\site-packages\oauth2client\client.py Refreshing access_token
INFO 2022-04-08 14:05:11,048 C:\Users\Ritik\AppData\Local\Programs\Python\Python39\lib\site-packages\oauth2client\transport.py Attempting refresh to obtain initial access_token
INFO 2022-04-08 14:05:11,052 C:\Users\Ritik\AppData\Local\Programs\Python\Python39\lib\site-packages\oauth2client\client.py Refreshing access_token
INFO 2022-04-08 14:06:55,614 C:\Users\Ritik\AppData\Local\Programs\Python\Python39\lib\site-packages\django\utils\autoreload.py D:\DjangoProject\Top5-master\Top5Site\main\views.py changed, reloading.
INFO 2022-04-08 14:06:56,454 C:\Users\Ritik\AppData\Local\Programs\Python\Python39\lib\site-packages\django\utils\autoreload.py Watching for file changes with StatReloader
INFO 2022-04-08 14:06:56,805 C:\Users\Ritik\AppData\Local\Programs\Python\Python39\lib\site-packages\oauth2client\transport.py Attempting refresh to obtain initial access_token
INFO 2022-04-08 14:06:56,811 C:\Users\Ritik\AppData\Local\Programs\Python\Python39\lib\site-packages\oauth2client\client.py Refreshing access_token
INFO 2022-04-08 14:06:58,600 C:\Users\Ritik\AppData\Local\Programs\Python\Python39\lib\site-packages\oauth2client\transport.py Attempting refresh to obtain initial access_token
INFO 2022-04-08 14:06:58,604 C:\Users\Ritik\AppData\Local\Programs\Python\Python39\lib\site-packages\oauth2client\client.py Refreshing access_token
INFO 2022-04-08 14:12:12,889 C:\Users\Ritik\AppData\Local\Programs\Python\Python39\lib\site-packages\django\utils\autoreload.py D:\DjangoProject\Top5-master\Top5Site\main\views.py changed, reloading.
INFO 2022-04-08 14:12:13,648 C:\Users\Ritik\AppData\Local\Programs\Python\Python39\lib\site-packages\django\utils\autoreload.py Watching for file changes with StatReloader
INFO 2022-04-08 14:12:14,039 C:\Users\Ritik\AppData\Local\Programs\Python\Python39\lib\site-packages\oauth2client\transport.py Attempting refresh to obtain initial access_token
INFO 2022-04-08 14:12:14,046 C:\Users\Ritik\AppData\Local\Programs\Python\Python39\lib\site-packages\oauth2client\client.py Refreshing access_token
INFO 2022-04-08 14:12:15,545 C:\Users\Ritik\AppData\Local\Programs\Python\Python39\lib\site-packages\oauth2client\transport.py Attempting refresh to obtain initial access_token
INFO 2022-04-08 14:12:15,549 C:\Users\Ritik\AppData\Local\Programs\Python\Python39\lib\site-packages\oauth2client\client.py Refreshing access_token
INFO 2022-04-08 14:20:57,139 C:\Users\Ritik\AppData\Local\Programs\Python\Python39\lib\site-packages\django\utils\autoreload.py Watching for file changes with StatReloader
INFO 2022-04-08 14:20:57,468 C:\Users\Ritik\AppData\Local\Programs\Python\Python39\lib\site-packages\oauth2client\transport.py Attempting refresh to obtain initial access_token
INFO 2022-04-08 14:20:57,473 C:\Users\Ritik\AppData\Local\Programs\Python\Python39\lib\site-packages\oauth2client\client.py Refreshing access_token
INFO 2022-04-08 14:20:59,037 C:\Users\Ritik\AppData\Local\Programs\Python\Python39\lib\site-packages\oauth2client\transport.py Attempting refresh to obtain initial access_token
INFO 2022-04-08 14:20:59,041 C:\Users\Ritik\AppData\Local\Programs\Python\Python39\lib\site-packages\oauth2client\client.py Refreshing access_token
INFO 2022-04-08 14:23:37,949 C:\Users\Ritik\AppData\Local\Programs\Python\Python39\lib\site-packages\django\utils\autoreload.py Watching for file changes with StatReloader
INFO 2022-04-08 14:23:38,245 C:\Users\Ritik\AppData\Local\Programs\Python\Python39\lib\site-packages\oauth2client\transport.py Attempting refresh to obtain initial access_token
INFO 2022-04-08 14:23:38,249 C:\Users\Ritik\AppData\Local\Programs\Python\Python39\lib\site-packages\oauth2client\client.py Refreshing access_token
INFO 2022-04-08 14:23:40,104 C:\Users\Ritik\AppData\Local\Programs\Python\Python39\lib\site-packages\oauth2client\transport.py Attempting refresh to obtain initial access_token
INFO 2022-04-08 14:23:40,108 C:\Users\Ritik\AppData\Local\Programs\Python\Python39\lib\site-packages\oauth2client\client.py Refreshing access_token
INFO 2022-04-08 14:43:13,400 C:\Users\Ritik\AppData\Local\Programs\Python\Python39\lib\site-packages\django\utils\autoreload.py D:\DjangoProject\Top5-master\Top5Site\main\views.py changed, reloading.
INFO 2022-04-08 14:43:14,065 C:\Users\Ritik\AppData\Local\Programs\Python\Python39\lib\site-packages\django\utils\autoreload.py Watching for file changes with StatReloader
INFO 2022-04-08 14:43:14,457 C:\Users\Ritik\AppData\Local\Programs\Python\Python39\lib\site-packages\oauth2client\transport.py Attempting refresh to obtain initial access_token
INFO 2022-04-08 14:43:14,464 C:\Users\Ritik\AppData\Local\Programs\Python\Python39\lib\site-packages\oauth2client\client.py Refreshing access_token
INFO 2022-04-08 14:43:15,680 C:\Users\Ritik\AppData\Local\Programs\Python\Python39\lib\site-packages\oauth2client\transport.py Attempting refresh to obtain initial access_token
INFO 2022-04-08 14:43:15,684 C:\Users\Ritik\AppData\Local\Programs\Python\Python39\lib\site-packages\oauth2client\client.py Refreshing access_token
INFO 2022-04-08 16:16:25,686 C:\Users\Ritik\AppData\Local\Programs\Python\Python39\lib\site-packages\oauth2client\client.py access_token is expired. Now: 2022-04-08 10:46:25.686186, token_expiry: 2022-04-08 10:13:13.884639
INFO 2022-04-08 16:16:25,694 C:\Users\Ritik\AppData\Local\Programs\Python\Python39\lib\site-packages\oauth2client\client.py Refreshing access_token
INFO 2022-04-11 14:47:00,722 C:\Users\Ritik\AppData\Local\Programs\Python\Python39\lib\site-packages\django\utils\autoreload.py Watching for file changes with StatReloader
INFO 2022-04-11 14:47:01,573 C:\Users\Ritik\AppData\Local\Programs\Python\Python39\lib\site-packages\oauth2client\transport.py Attempting refresh to obtain initial access_token
INFO 2022-04-11 14:47:01,578 C:\Users\Ritik\AppData\Local\Programs\Python\Python39\lib\site-packages\oauth2client\client.py Refreshing access_token
INFO 2022-04-11 14:47:03,128 C:\Users\Ritik\AppData\Local\Programs\Python\Python39\lib\site-packages\oauth2client\transport.py Attempting refresh to obtain initial access_token
INFO 2022-04-11 14:47:03,133 C:\Users\Ritik\AppData\Local\Programs\Python\Python39\lib\site-packages\oauth2client\client.py Refreshing access_token
INFO 2022-04-11 15:07:35,434 C:\Users\Ritik\AppData\Local\Programs\Python\Python39\lib\site-packages\django\utils\autoreload.py D:\DjangoProject\Top5-master\Top5Site\main\views.py changed, reloading.
INFO 2022-04-11 15:07:36,107 C:\Users\Ritik\AppData\Local\Programs\Python\Python39\lib\site-packages\django\utils\autoreload.py Watching for file changes with StatReloader
INFO 2022-04-11 15:07:36,458 C:\Users\Ritik\AppData\Local\Programs\Python\Python39\lib\site-packages\oauth2client\transport.py Attempting refresh to obtain initial access_token
INFO 2022-04-11 15:07:36,463 C:\Users\Ritik\AppData\Local\Programs\Python\Python39\lib\site-packages\oauth2client\client.py Refreshing access_token
INFO 2022-04-11 15:07:38,231 C:\Users\Ritik\AppData\Local\Programs\Python\Python39\lib\site-packages\oauth2client\transport.py Attempting refresh to obtain initial access_token
INFO 2022-04-11 15:07:38,237 C:\Users\Ritik\AppData\Local\Programs\Python\Python39\lib\site-packages\oauth2client\client.py Refreshing access_token
INFO 2022-04-11 15:28:36,996 C:\Users\Ritik\AppData\Local\Programs\Python\Python39\lib\site-packages\django\utils\autoreload.py D:\DjangoProject\Top5-master\Top5Site\main\views.py changed, reloading.
INFO 2022-04-11 15:28:37,709 C:\Users\Ritik\AppData\Local\Programs\Python\Python39\lib\site-packages\django\utils\autoreload.py Watching for file changes with StatReloader
INFO 2022-04-11 15:28:38,081 C:\Users\Ritik\AppData\Local\Programs\Python\Python39\lib\site-packages\oauth2client\transport.py Attempting refresh to obtain initial access_token
INFO 2022-04-11 15:28:38,086 C:\Users\Ritik\AppData\Local\Programs\Python\Python39\lib\site-packages\oauth2client\client.py Refreshing access_token
INFO 2022-04-11 15:28:39,455 C:\Users\Ritik\AppData\Local\Programs\Python\Python39\lib\site-packages\oauth2client\transport.py Attempting refresh to obtain initial access_token
INFO 2022-04-11 15:28:39,459 C:\Users\Ritik\AppData\Local\Programs\Python\Python39\lib\site-packages\oauth2client\client.py Refreshing access_token
INFO 2022-04-11 15:30:27,629 C:\Users\Ritik\AppData\Local\Programs\Python\Python39\lib\site-packages\django\utils\autoreload.py D:\DjangoProject\Top5-master\Top5Site\main\views.py changed, reloading.
INFO 2022-04-11 15:30:28,256 C:\Users\Ritik\AppData\Local\Programs\Python\Python39\lib\site-packages\django\utils\autoreload.py Watching for file changes with StatReloader
INFO 2022-04-11 15:30:28,572 C:\Users\Ritik\AppData\Local\Programs\Python\Python39\lib\site-packages\oauth2client\transport.py Attempting refresh to obtain initial access_token
INFO 2022-04-11 15:30:28,576 C:\Users\Ritik\AppData\Local\Programs\Python\Python39\lib\site-packages\oauth2client\client.py Refreshing access_token
INFO 2022-04-11 15:30:29,836 C:\Users\Ritik\AppData\Local\Programs\Python\Python39\lib\site-packages\oauth2client\transport.py Attempting refresh to obtain initial access_token
INFO 2022-04-11 15:30:29,840 C:\Users\Ritik\AppData\Local\Programs\Python\Python39\lib\site-packages\oauth2client\client.py Refreshing access_token
INFO 2022-04-11 15:31:04,783 C:\Users\Ritik\AppData\Local\Programs\Python\Python39\lib\site-packages\django\utils\autoreload.py D:\DjangoProject\Top5-master\Top5Site\main\views.py changed, reloading.
INFO 2022-04-11 15:31:05,426 C:\Users\Ritik\AppData\Local\Programs\Python\Python39\lib\site-packages\django\utils\autoreload.py Watching for file changes with StatReloader
INFO 2022-04-11 15:31:05,729 C:\Users\Ritik\AppData\Local\Programs\Python\Python39\lib\site-packages\oauth2client\transport.py Attempting refresh to obtain initial access_token
INFO 2022-04-11 15:31:05,735 C:\Users\Ritik\AppData\Local\Programs\Python\Python39\lib\site-packages\oauth2client\client.py Refreshing access_token
INFO 2022-04-11 15:31:06,934 C:\Users\Ritik\AppData\Local\Programs\Python\Python39\lib\site-packages\oauth2client\transport.py Attempting refresh to obtain initial access_token
INFO 2022-04-11 15:31:06,938 C:\Users\Ritik\AppData\Local\Programs\Python\Python39\lib\site-packages\oauth2client\client.py Refreshing access_token
INFO 2022-04-11 15:39:28,929 C:\Users\Ritik\AppData\Local\Programs\Python\Python39\lib\site-packages\django\utils\autoreload.py D:\DjangoProject\Top5-master\Top5Site\main\views.py changed, reloading.
INFO 2022-04-11 15:39:29,559 C:\Users\Ritik\AppData\Local\Programs\Python\Python39\lib\site-packages\django\utils\autoreload.py Watching for file changes with StatReloader
INFO 2022-04-11 15:39:29,888 C:\Users\Ritik\AppData\Local\Programs\Python\Python39\lib\site-packages\oauth2client\transport.py Attempting refresh to obtain initial access_token
INFO 2022-04-11 15:39:29,894 C:\Users\Ritik\AppData\Local\Programs\Python\Python39\lib\site-packages\oauth2client\client.py Refreshing access_token
INFO 2022-04-11 15:39:33,313 C:\Users\Ritik\AppData\Local\Programs\Python\Python39\lib\site-packages\oauth2client\transport.py Attempting refresh to obtain initial access_token
INFO 2022-04-11 15:39:33,318 C:\Users\Ritik\AppData\Local\Programs\Python\Python39\lib\site-packages\oauth2client\client.py Refreshing access_token
INFO 2022-04-11 15:40:03,920 C:\Users\Ritik\AppData\Local\Programs\Python\Python39\lib\site-packages\django\utils\autoreload.py D:\DjangoProject\Top5-master\Top5Site\main\views.py changed, reloading.
INFO 2022-04-11 15:40:04,550 C:\Users\Ritik\AppData\Local\Programs\Python\Python39\lib\site-packages\django\utils\autoreload.py Watching for file changes with StatReloader
INFO 2022-04-11 15:40:04,895 C:\Users\Ritik\AppData\Local\Programs\Python\Python39\lib\site-packages\oauth2client\transport.py Attempting refresh to obtain initial access_token
INFO 2022-04-11 15:40:04,900 C:\Users\Ritik\AppData\Local\Programs\Python\Python39\lib\site-packages\oauth2client\client.py Refreshing access_token
INFO 2022-04-11 15:40:06,352 C:\Users\Ritik\AppData\Local\Programs\Python\Python39\lib\site-packages\oauth2client\transport.py Attempting refresh to obtain initial access_token
INFO 2022-04-11 15:40:06,357 C:\Users\Ritik\AppData\Local\Programs\Python\Python39\lib\site-packages\oauth2client\client.py Refreshing access_token
INFO 2022-04-11 15:40:27,014 C:\Users\Ritik\AppData\Local\Programs\Python\Python39\lib\site-packages\django\utils\autoreload.py D:\DjangoProject\Top5-master\Top5Site\main\views.py changed, reloading.
INFO 2022-04-11 15:40:27,683 C:\Users\Ritik\AppData\Local\Programs\Python\Python39\lib\site-packages\django\utils\autoreload.py Watching for file changes with StatReloader
INFO 2022-04-11 15:40:28,029 C:\Users\Ritik\AppData\Local\Programs\Python\Python39\lib\site-packages\oauth2client\transport.py Attempting refresh to obtain initial access_token
INFO 2022-04-11 15:40:28,035 C:\Users\Ritik\AppData\Local\Programs\Python\Python39\lib\site-packages\oauth2client\client.py Refreshing access_token
INFO 2022-04-11 15:40:29,400 C:\Users\Ritik\AppData\Local\Programs\Python\Python39\lib\site-packages\oauth2client\transport.py Attempting refresh to obtain initial access_token
INFO 2022-04-11 15:40:29,405 C:\Users\Ritik\AppData\Local\Programs\Python\Python39\lib\site-packages\oauth2client\client.py Refreshing access_token
INFO 2022-04-11 15:40:35,287 C:\Users\Ritik\AppData\Local\Programs\Python\Python39\lib\site-packages\django\utils\autoreload.py D:\DjangoProject\Top5-master\Top5Site\main\views.py changed, reloading.
INFO 2022-04-11 15:40:35,973 C:\Users\Ritik\AppData\Local\Programs\Python\Python39\lib\site-packages\django\utils\autoreload.py Watching for file changes with StatReloader
INFO 2022-04-11 15:40:36,343 C:\Users\Ritik\AppData\Local\Programs\Python\Python39\lib\site-packages\oauth2client\transport.py Attempting refresh to obtain initial access_token
INFO 2022-04-11 15:40:36,348 C:\Users\Ritik\AppData\Local\Programs\Python\Python39\lib\site-packages\oauth2client\client.py Refreshing access_token
INFO 2022-04-11 15:40:37,744 C:\Users\Ritik\AppData\Local\Programs\Python\Python39\lib\site-packages\oauth2client\transport.py Attempting refresh to obtain initial access_token
INFO 2022-04-11 15:40:37,748 C:\Users\Ritik\AppData\Local\Programs\Python\Python39\lib\site-packages\oauth2client\client.py Refreshing access_token
INFO 2022-04-11 15:46:02,108 C:\Users\Ritik\AppData\Local\Programs\Python\Python39\lib\site-packages\django\utils\autoreload.py D:\DjangoProject\Top5-master\Top5Site\main\views.py changed, reloading.
INFO 2022-04-11 15:46:02,744 C:\Users\Ritik\AppData\Local\Programs\Python\Python39\lib\site-packages\django\utils\autoreload.py Watching for file changes with StatReloader
INFO 2022-04-11 15:46:03,061 C:\Users\Ritik\AppData\Local\Programs\Python\Python39\lib\site-packages\oauth2client\transport.py Attempting refresh to obtain initial access_token
INFO 2022-04-11 15:46:03,066 C:\Users\Ritik\AppData\Local\Programs\Python\Python39\lib\site-packages\oauth2client\client.py Refreshing access_token
INFO 2022-04-11 15:46:04,490 C:\Users\Ritik\AppData\Local\Programs\Python\Python39\lib\site-packages\oauth2client\transport.py Attempting refresh to obtain initial access_token
INFO 2022-04-11 15:46:04,495 C:\Users\Ritik\AppData\Local\Programs\Python\Python39\lib\site-packages\oauth2client\client.py Refreshing access_token
INFO 2022-04-11 15:46:43,218 C:\Users\Ritik\AppData\Local\Programs\Python\Python39\lib\site-packages\django\utils\autoreload.py Watching for file changes with StatReloader
INFO 2022-04-11 15:46:43,537 C:\Users\Ritik\AppData\Local\Programs\Python\Python39\lib\site-packages\oauth2client\transport.py Attempting refresh to obtain initial access_token
INFO 2022-04-11 15:46:43,542 C:\Users\Ritik\AppData\Local\Programs\Python\Python39\lib\site-packages\oauth2client\client.py Refreshing access_token
INFO 2022-04-11 15:46:44,824 C:\Users\Ritik\AppData\Local\Programs\Python\Python39\lib\site-packages\oauth2client\transport.py Attempting refresh to obtain initial access_token
INFO 2022-04-11 15:46:44,828 C:\Users\Ritik\AppData\Local\Programs\Python\Python39\lib\site-packages\oauth2client\client.py Refreshing access_token
INFO 2022-04-12 20:58:13,208 C:\Users\Shudhanshu\AppData\Local\Programs\Python\Python310\lib\site-packages\django\utils\autoreload.py Watching for file changes with StatReloader
INFO 2022-04-12 20:58:14,115 C:\Users\Shudhanshu\AppData\Local\Programs\Python\Python310\lib\site-packages\oauth2client\transport.py Attempting refresh to obtain initial access_token
INFO 2022-04-12 20:58:14,126 C:\Users\Shudhanshu\AppData\Local\Programs\Python\Python310\lib\site-packages\oauth2client\client.py Refreshing access_token
INFO 2022-04-12 20:58:15,844 C:\Users\Shudhanshu\AppData\Local\Programs\Python\Python310\lib\site-packages\oauth2client\transport.py Attempting refresh to obtain initial access_token
INFO 2022-04-12 20:58:15,854 C:\Users\Shudhanshu\AppData\Local\Programs\Python\Python310\lib\site-packages\oauth2client\client.py Refreshing access_token
INFO 2022-04-12 21:23:34,180 C:\Users\Shudhanshu\AppData\Local\Programs\Python\Python310\lib\site-packages\django\utils\autoreload.py Watching for file changes with StatReloader
INFO 2022-04-12 21:23:35,099 C:\Users\Shudhanshu\AppData\Local\Programs\Python\Python310\lib\site-packages\oauth2client\transport.py Attempting refresh to obtain initial access_token
INFO 2022-04-12 21:23:35,111 C:\Users\Shudhanshu\AppData\Local\Programs\Python\Python310\lib\site-packages\oauth2client\client.py Refreshing access_token
INFO 2022-04-12 21:23:36,025 C:\Users\Shudhanshu\AppData\Local\Programs\Python\Python310\lib\site-packages\oauth2client\transport.py Attempting refresh to obtain initial access_token
INFO 2022-04-12 21:23:36,035 C:\Users\Shudhanshu\AppData\Local\Programs\Python\Python310\lib\site-packages\oauth2client\client.py Refreshing access_token
INFO 2022-04-26 08:21:08,491 C:\Users\Shudhanshu\AppData\Local\Programs\Python\Python310\lib\site-packages\django\utils\autoreload.py Watching for file changes with StatReloader
INFO 2022-04-26 08:21:09,585 C:\Users\Shudhanshu\AppData\Local\Programs\Python\Python310\lib\site-packages\oauth2client\transport.py Attempting refresh to obtain initial access_token
INFO 2022-04-26 08:21:09,590 C:\Users\Shudhanshu\AppData\Local\Programs\Python\Python310\lib\site-packages\oauth2client\client.py Refreshing access_token
INFO 2022-04-26 08:21:10,487 C:\Users\Shudhanshu\AppData\Local\Programs\Python\Python310\lib\site-packages\oauth2client\transport.py Attempting refresh to obtain initial access_token
INFO 2022-04-26 08:21:10,491 C:\Users\Shudhanshu\AppData\Local\Programs\Python\Python310\lib\site-packages\oauth2client\client.py Refreshing access_token
INFO 2022-04-26 08:25:06,513 C:\Users\Shudhanshu\AppData\Local\Programs\Python\Python310\lib\site-packages\django\utils\autoreload.py C:\Users\Shudhanshu\Documents\GitHub\Top5\Top5Site\main\views.py changed, reloading.
INFO 2022-04-26 08:25:07,511 C:\Users\Shudhanshu\AppData\Local\Programs\Python\Python310\lib\site-packages\django\utils\autoreload.py Watching for file changes with StatReloader
INFO 2022-04-26 08:25:38,038 C:\Users\Shudhanshu\AppData\Local\Programs\Python\Python310\lib\site-packages\django\utils\autoreload.py C:\Users\Shudhanshu\Documents\GitHub\Top5\Top5Site\main\views.py changed, reloading.
INFO 2022-04-26 08:25:39,744 C:\Users\Shudhanshu\AppData\Local\Programs\Python\Python310\lib\site-packages\django\utils\autoreload.py Watching for file changes with StatReloader
INFO 2022-04-26 08:25:40,351 C:\Users\Shudhanshu\AppData\Local\Programs\Python\Python310\lib\site-packages\oauth2client\transport.py Attempting refresh to obtain initial access_token
INFO 2022-04-26 08:25:40,357 C:\Users\Shudhanshu\AppData\Local\Programs\Python\Python310\lib\site-packages\oauth2client\client.py Refreshing access_token
INFO 2022-04-26 08:25:41,221 C:\Users\Shudhanshu\AppData\Local\Programs\Python\Python310\lib\site-packages\oauth2client\transport.py Attempting refresh to obtain initial access_token
INFO 2022-04-26 08:25:41,225 C:\Users\Shudhanshu\AppData\Local\Programs\Python\Python310\lib\site-packages\oauth2client\client.py Refreshing access_token
INFO 2022-04-26 08:25:49,353 C:\Users\Shudhanshu\AppData\Local\Programs\Python\Python310\lib\site-packages\django\utils\autoreload.py C:\Users\Shudhanshu\Documents\GitHub\Top5\Top5Site\main\views.py changed, reloading.
INFO 2022-04-26 08:25:51,444 C:\Users\Shudhanshu\AppData\Local\Programs\Python\Python310\lib\site-packages\django\utils\autoreload.py Watching for file changes with StatReloader
INFO 2022-04-26 08:25:57,654 C:\Users\Shudhanshu\AppData\Local\Programs\Python\Python310\lib\site-packages\django\utils\autoreload.py C:\Users\Shudhanshu\Documents\GitHub\Top5\Top5Site\main\views.py changed, reloading.
INFO 2022-04-26 08:25:58,433 C:\Users\Shudhanshu\AppData\Local\Programs\Python\Python310\lib\site-packages\django\utils\autoreload.py Watching for file changes with StatReloader
INFO 2022-04-26 08:26:01,950 C:\Users\Shudhanshu\AppData\Local\Programs\Python\Python310\lib\site-packages\django\utils\autoreload.py C:\Users\Shudhanshu\Documents\GitHub\Top5\Top5Site\main\views.py changed, reloading.
INFO 2022-04-26 08:26:02,850 C:\Users\Shudhanshu\AppData\Local\Programs\Python\Python310\lib\site-packages\django\utils\autoreload.py Watching for file changes with StatReloader
INFO 2022-04-26 08:26:03,573 C:\Users\Shudhanshu\AppData\Local\Programs\Python\Python310\lib\site-packages\oauth2client\transport.py Attempting refresh to obtain initial access_token
INFO 2022-04-26 08:26:03,594 C:\Users\Shudhanshu\AppData\Local\Programs\Python\Python310\lib\site-packages\oauth2client\client.py Refreshing access_token
INFO 2022-04-26 08:26:04,419 C:\Users\Shudhanshu\AppData\Local\Programs\Python\Python310\lib\site-packages\oauth2client\transport.py Attempting refresh to obtain initial access_token
INFO 2022-04-26 08:26:04,424 C:\Users\Shudhanshu\AppData\Local\Programs\Python\Python310\lib\site-packages\oauth2client\client.py Refreshing access_token
INFO 2022-04-26 08:26:15,044 C:\Users\Shudhanshu\AppData\Local\Programs\Python\Python310\lib\site-packages\django\utils\autoreload.py C:\Users\Shudhanshu\Documents\GitHub\Top5\Top5Site\main\views.py changed, reloading.
INFO 2022-04-26 08:26:15,951 C:\Users\Shudhanshu\AppData\Local\Programs\Python\Python310\lib\site-packages\django\utils\autoreload.py Watching for file changes with StatReloader
INFO 2022-04-26 08:26:19,996 C:\Users\Shudhanshu\AppData\Local\Programs\Python\Python310\lib\site-packages\django\utils\autoreload.py C:\Users\Shudhanshu\Documents\GitHub\Top5\Top5Site\main\views.py changed, reloading.
INFO 2022-04-26 08:26:20,807 C:\Users\Shudhanshu\AppData\Local\Programs\Python\Python310\lib\site-packages\django\utils\autoreload.py Watching for file changes with StatReloader
INFO 2022-04-26 08:26:28,037 C:\Users\Shudhanshu\AppData\Local\Programs\Python\Python310\lib\site-packages\django\utils\autoreload.py C:\Users\Shudhanshu\Documents\GitHub\Top5\Top5Site\main\views.py changed, reloading.
INFO 2022-04-26 08:26:28,879 C:\Users\Shudhanshu\AppData\Local\Programs\Python\Python310\lib\site-packages\django\utils\autoreload.py Watching for file changes with StatReloader
INFO 2022-04-26 08:26:40,619 C:\Users\Shudhanshu\AppData\Local\Programs\Python\Python310\lib\site-packages\django\utils\autoreload.py C:\Users\Shudhanshu\Documents\GitHub\Top5\Top5Site\main\views.py changed, reloading.
INFO 2022-04-26 08:26:41,576 C:\Users\Shudhanshu\AppData\Local\Programs\Python\Python310\lib\site-packages\django\utils\autoreload.py Watching for file changes with StatReloader
INFO 2022-04-26 08:26:43,466 C:\Users\Shudhanshu\AppData\Local\Programs\Python\Python310\lib\site-packages\oauth2client\transport.py Attempting refresh to obtain initial access_token
INFO 2022-04-26 08:26:43,473 C:\Users\Shudhanshu\AppData\Local\Programs\Python\Python310\lib\site-packages\oauth2client\client.py Refreshing access_token
INFO 2022-04-26 08:26:44,344 C:\Users\Shudhanshu\AppData\Local\Programs\Python\Python310\lib\site-packages\oauth2client\transport.py Attempting refresh to obtain initial access_token
INFO 2022-04-26 08:26:44,349 C:\Users\Shudhanshu\AppData\Local\Programs\Python\Python310\lib\site-packages\oauth2client\client.py Refreshing access_token
INFO 2022-04-26 08:28:48,176 C:\Users\Shudhanshu\AppData\Local\Programs\Python\Python310\lib\site-packages\django\utils\autoreload.py C:\Users\Shudhanshu\Documents\GitHub\Top5\Top5Site\main\views.py changed, reloading.
INFO 2022-04-26 08:28:49,109 C:\Users\Shudhanshu\AppData\Local\Programs\Python\Python310\lib\site-packages\django\utils\autoreload.py Watching for file changes with StatReloader
INFO 2022-04-26 08:28:56,278 C:\Users\Shudhanshu\AppData\Local\Programs\Python\Python310\lib\site-packages\django\utils\autoreload.py C:\Users\Shudhanshu\Documents\GitHub\Top5\Top5Site\main\views.py changed, reloading.
INFO 2022-04-26 08:28:57,062 C:\Users\Shudhanshu\AppData\Local\Programs\Python\Python310\lib\site-packages\django\utils\autoreload.py Watching for file changes with StatReloader
INFO 2022-04-26 08:29:06,512 C:\Users\Shudhanshu\AppData\Local\Programs\Python\Python310\lib\site-packages\django\utils\autoreload.py C:\Users\Shudhanshu\Documents\GitHub\Top5\Top5Site\main\views.py changed, reloading.
INFO 2022-04-26 08:29:07,313 C:\Users\Shudhanshu\AppData\Local\Programs\Python\Python310\lib\site-packages\django\utils\autoreload.py Watching for file changes with StatReloader
INFO 2022-04-26 08:29:21,342 C:\Users\Shudhanshu\AppData\Local\Programs\Python\Python310\lib\site-packages\django\utils\autoreload.py C:\Users\Shudhanshu\Documents\GitHub\Top5\Top5Site\main\views.py changed, reloading.
INFO 2022-04-26 08:29:22,167 C:\Users\Shudhanshu\AppData\Local\Programs\Python\Python310\lib\site-packages\django\utils\autoreload.py Watching for file changes with StatReloader
INFO 2022-04-26 08:29:30,469 C:\Users\Shudhanshu\AppData\Local\Programs\Python\Python310\lib\site-packages\django\utils\autoreload.py C:\Users\Shudhanshu\Documents\GitHub\Top5\Top5Site\main\views.py changed, reloading.
INFO 2022-04-26 08:29:31,572 C:\Users\Shudhanshu\AppData\Local\Programs\Python\Python310\lib\site-packages\django\utils\autoreload.py Watching for file changes with StatReloader
INFO 2022-04-26 08:29:33,142 C:\Users\Shudhanshu\AppData\Local\Programs\Python\Python310\lib\site-packages\oauth2client\transport.py Attempting refresh to obtain initial access_token
INFO 2022-04-26 08:29:33,148 C:\Users\Shudhanshu\AppData\Local\Programs\Python\Python310\lib\site-packages\oauth2client\client.py Refreshing access_token
INFO 2022-04-26 08:29:34,004 C:\Users\Shudhanshu\AppData\Local\Programs\Python\Python310\lib\site-packages\oauth2client\transport.py Attempting refresh to obtain initial access_token
INFO 2022-04-26 08:29:34,009 C:\Users\Shudhanshu\AppData\Local\Programs\Python\Python310\lib\site-packages\oauth2client\client.py Refreshing access_token
INFO 2022-04-26 08:29:48,996 C:\Users\Shudhanshu\AppData\Local\Programs\Python\Python310\lib\site-packages\django\utils\autoreload.py C:\Users\Shudhanshu\Documents\GitHub\Top5\Top5Site\main\views.py changed, reloading.
INFO 2022-04-26 08:29:50,908 C:\Users\Shudhanshu\AppData\Local\Programs\Python\Python310\lib\site-packages\django\utils\autoreload.py Watching for file changes with StatReloader
INFO 2022-04-26 08:29:51,786 C:\Users\Shudhanshu\AppData\Local\Programs\Python\Python310\lib\site-packages\oauth2client\transport.py Attempting refresh to obtain initial access_token
INFO 2022-04-26 08:29:51,792 C:\Users\Shudhanshu\AppData\Local\Programs\Python\Python310\lib\site-packages\oauth2client\client.py Refreshing access_token
INFO 2022-04-26 08:29:52,616 C:\Users\Shudhanshu\AppData\Local\Programs\Python\Python310\lib\site-packages\oauth2client\transport.py Attempting refresh to obtain initial access_token
INFO 2022-04-26 08:29:52,621 C:\Users\Shudhanshu\AppData\Local\Programs\Python\Python310\lib\site-packages\oauth2client\client.py Refreshing access_token
INFO 2022-04-26 08:30:14,551 C:\Users\Shudhanshu\AppData\Local\Programs\Python\Python310\lib\site-packages\django\utils\autoreload.py C:\Users\Shudhanshu\Documents\GitHub\Top5\Top5Site\main\views.py changed, reloading.
INFO 2022-04-26 08:30:15,433 C:\Users\Shudhanshu\AppData\Local\Programs\Python\Python310\lib\site-packages\django\utils\autoreload.py Watching for file changes with StatReloader
INFO 2022-04-26 08:30:20,332 C:\Users\Shudhanshu\AppData\Local\Programs\Python\Python310\lib\site-packages\django\utils\autoreload.py C:\Users\Shudhanshu\Documents\GitHub\Top5\Top5Site\main\views.py changed, reloading.
INFO 2022-04-26 08:30:21,892 C:\Users\Shudhanshu\AppData\Local\Programs\Python\Python310\lib\site-packages\django\utils\autoreload.py Watching for file changes with StatReloader
INFO 2022-04-26 08:30:48,521 C:\Users\Shudhanshu\AppData\Local\Programs\Python\Python310\lib\site-packages\django\utils\autoreload.py C:\Users\Shudhanshu\Documents\GitHub\Top5\Top5Site\main\views.py changed, reloading.
INFO 2022-04-26 08:30:50,147 C:\Users\Shudhanshu\AppData\Local\Programs\Python\Python310\lib\site-packages\django\utils\autoreload.py Watching for file changes with StatReloader
INFO 2022-04-26 08:30:50,723 C:\Users\Shudhanshu\AppData\Local\Programs\Python\Python310\lib\site-packages\oauth2client\transport.py Attempting refresh to obtain initial access_token
INFO 2022-04-26 08:30:50,729 C:\Users\Shudhanshu\AppData\Local\Programs\Python\Python310\lib\site-packages\oauth2client\client.py Refreshing access_token
INFO 2022-04-26 08:30:51,580 C:\Users\Shudhanshu\AppData\Local\Programs\Python\Python310\lib\site-packages\oauth2client\transport.py Attempting refresh to obtain initial access_token
INFO 2022-04-26 08:30:51,585 C:\Users\Shudhanshu\AppData\Local\Programs\Python\Python310\lib\site-packages\oauth2client\client.py Refreshing access_token
INFO 2022-04-26 08:30:58,578 C:\Users\Shudhanshu\AppData\Local\Programs\Python\Python310\lib\site-packages\django\utils\autoreload.py C:\Users\Shudhanshu\Documents\GitHub\Top5\Top5Site\main\views.py changed, reloading.
INFO 2022-04-26 08:31:00,845 C:\Users\Shudhanshu\AppData\Local\Programs\Python\Python310\lib\site-packages\django\utils\autoreload.py Watching for file changes with StatReloader
INFO 2022-04-26 08:31:01,332 C:\Users\Shudhanshu\AppData\Local\Programs\Python\Python310\lib\site-packages\oauth2client\transport.py Attempting refresh to obtain initial access_token
INFO 2022-04-26 08:31:01,338 C:\Users\Shudhanshu\AppData\Local\Programs\Python\Python310\lib\site-packages\oauth2client\client.py Refreshing access_token
INFO 2022-04-26 08:31:02,137 C:\Users\Shudhanshu\AppData\Local\Programs\Python\Python310\lib\site-packages\oauth2client\transport.py Attempting refresh to obtain initial access_token
INFO 2022-04-26 08:31:02,142 C:\Users\Shudhanshu\AppData\Local\Programs\Python\Python310\lib\site-packages\oauth2client\client.py Refreshing access_token
INFO 2022-04-26 08:31:21,747 C:\Users\Shudhanshu\AppData\Local\Programs\Python\Python310\lib\site-packages\django\utils\autoreload.py C:\Users\Shudhanshu\Documents\GitHub\Top5\Top5Site\main\views.py changed, reloading.
INFO 2022-04-26 08:31:22,900 C:\Users\Shudhanshu\AppData\Local\Programs\Python\Python310\lib\site-packages\django\utils\autoreload.py Watching for file changes with StatReloader
INFO 2022-04-26 08:31:24,797 C:\Users\Shudhanshu\AppData\Local\Programs\Python\Python310\lib\site-packages\oauth2client\transport.py Attempting refresh to obtain initial access_token
INFO 2022-04-26 08:31:24,803 C:\Users\Shudhanshu\AppData\Local\Programs\Python\Python310\lib\site-packages\oauth2client\client.py Refreshing access_token
INFO 2022-04-26 08:31:25,606 C:\Users\Shudhanshu\AppData\Local\Programs\Python\Python310\lib\site-packages\oauth2client\transport.py Attempting refresh to obtain initial access_token
INFO 2022-04-26 08:31:25,611 C:\Users\Shudhanshu\AppData\Local\Programs\Python\Python310\lib\site-packages\oauth2client\client.py Refreshing access_token
INFO 2022-04-26 08:38:43,996 C:\Users\Shudhanshu\AppData\Local\Programs\Python\Python310\lib\site-packages\django\utils\autoreload.py C:\Users\Shudhanshu\Documents\GitHub\Top5\Top5Site\main\views.py changed, reloading.
INFO 2022-04-26 08:38:45,665 C:\Users\Shudhanshu\AppData\Local\Programs\Python\Python310\lib\site-packages\django\utils\autoreload.py Watching for file changes with StatReloader
INFO 2022-04-26 08:38:46,819 C:\Users\Shudhanshu\AppData\Local\Programs\Python\Python310\lib\site-packages\oauth2client\transport.py Attempting refresh to obtain initial access_token
INFO 2022-04-26 08:38:46,825 C:\Users\Shudhanshu\AppData\Local\Programs\Python\Python310\lib\site-packages\oauth2client\client.py Refreshing access_token
INFO 2022-04-26 08:38:47,695 C:\Users\Shudhanshu\AppData\Local\Programs\Python\Python310\lib\site-packages\oauth2client\transport.py Attempting refresh to obtain initial access_token
INFO 2022-04-26 08:38:47,703 C:\Users\Shudhanshu\AppData\Local\Programs\Python\Python310\lib\site-packages\oauth2client\client.py Refreshing access_token
INFO 2022-04-26 08:38:54,063 C:\Users\Shudhanshu\AppData\Local\Programs\Python\Python310\lib\site-packages\django\utils\autoreload.py C:\Users\Shudhanshu\Documents\GitHub\Top5\Top5Site\main\views.py changed, reloading.
INFO 2022-04-26 08:38:56,141 C:\Users\Shudhanshu\AppData\Local\Programs\Python\Python310\lib\site-packages\django\utils\autoreload.py Watching for file changes with StatReloader
INFO 2022-04-26 08:38:58,078 C:\Users\Shudhanshu\AppData\Local\Programs\Python\Python310\lib\site-packages\oauth2client\transport.py Attempting refresh to obtain initial access_token
INFO 2022-04-26 08:38:58,176 C:\Users\Shudhanshu\AppData\Local\Programs\Python\Python310\lib\site-packages\oauth2client\client.py Refreshing access_token
INFO 2022-04-26 08:38:59,193 C:\Users\Shudhanshu\AppData\Local\Programs\Python\Python310\lib\site-packages\oauth2client\transport.py Attempting refresh to obtain initial access_token
INFO 2022-04-26 08:38:59,220 C:\Users\Shudhanshu\AppData\Local\Programs\Python\Python310\lib\site-packages\oauth2client\client.py Refreshing access_token
INFO 2022-04-26 08:39:30,000 C:\Users\Shudhanshu\AppData\Local\Programs\Python\Python310\lib\site-packages\django\utils\autoreload.py C:\Users\Shudhanshu\Documents\GitHub\Top5\Top5Site\main\views.py changed, reloading.
INFO 2022-04-26 08:39:31,325 C:\Users\Shudhanshu\AppData\Local\Programs\Python\Python310\lib\site-packages\django\utils\autoreload.py Watching for file changes with StatReloader
INFO 2022-04-26 08:39:32,022 C:\Users\Shudhanshu\AppData\Local\Programs\Python\Python310\lib\site-packages\oauth2client\transport.py Attempting refresh to obtain initial access_token
INFO 2022-04-26 08:39:32,044 C:\Users\Shudhanshu\AppData\Local\Programs\Python\Python310\lib\site-packages\oauth2client\client.py Refreshing access_token
INFO 2022-04-26 08:39:33,057 C:\Users\Shudhanshu\AppData\Local\Programs\Python\Python310\lib\site-packages\oauth2client\transport.py Attempting refresh to obtain initial access_token
INFO 2022-04-26 08:39:33,062 C:\Users\Shudhanshu\AppData\Local\Programs\Python\Python310\lib\site-packages\oauth2client\client.py Refreshing access_token
INFO 2022-04-26 08:41:30,479 C:\Users\Shudhanshu\AppData\Local\Programs\Python\Python310\lib\site-packages\django\utils\autoreload.py C:\Users\Shudhanshu\Documents\GitHub\Top5\Top5Site\main\views.py changed, reloading.
INFO 2022-04-26 08:41:32,633 C:\Users\Shudhanshu\AppData\Local\Programs\Python\Python310\lib\site-packages\django\utils\autoreload.py Watching for file changes with StatReloader
INFO 2022-04-26 08:41:33,544 C:\Users\Shudhanshu\AppData\Local\Programs\Python\Python310\lib\site-packages\oauth2client\transport.py Attempting refresh to obtain initial access_token
INFO 2022-04-26 08:41:33,571 C:\Users\Shudhanshu\AppData\Local\Programs\Python\Python310\lib\site-packages\oauth2client\client.py Refreshing access_token
INFO 2022-04-26 08:41:34,430 C:\Users\Shudhanshu\AppData\Local\Programs\Python\Python310\lib\site-packages\oauth2client\transport.py Attempting refresh to obtain initial access_token
INFO 2022-04-26 08:41:34,435 C:\Users\Shudhanshu\AppData\Local\Programs\Python\Python310\lib\site-packages\oauth2client\client.py Refreshing access_token
INFO 2022-04-26 08:42:00,492 C:\Users\Shudhanshu\AppData\Local\Programs\Python\Python310\lib\site-packages\django\utils\autoreload.py C:\Users\Shudhanshu\Documents\GitHub\Top5\Top5Site\main\views.py changed, reloading.
INFO 2022-04-26 08:42:02,177 C:\Users\Shudhanshu\AppData\Local\Programs\Python\Python310\lib\site-packages\django\utils\autoreload.py Watching for file changes with StatReloader
INFO 2022-04-26 08:42:02,750 C:\Users\Shudhanshu\AppData\Local\Programs\Python\Python310\lib\site-packages\oauth2client\transport.py Attempting refresh to obtain initial access_token
INFO 2022-04-26 08:42:02,755 C:\Users\Shudhanshu\AppData\Local\Programs\Python\Python310\lib\site-packages\oauth2client\client.py Refreshing access_token
INFO 2022-04-26 08:42:03,539 C:\Users\Shudhanshu\AppData\Local\Programs\Python\Python310\lib\site-packages\oauth2client\transport.py Attempting refresh to obtain initial access_token
INFO 2022-04-26 08:42:03,545 C:\Users\Shudhanshu\AppData\Local\Programs\Python\Python310\lib\site-packages\oauth2client\client.py Refreshing access_token
ERROR 2022-04-26 08:42:17,904 C:\Users\Shudhanshu\AppData\Local\Programs\Python\Python310\lib\site-packages\django\utils\log.py Internal Server Error: /posts/-N-RO3kHZu96zLT63EVW/
Traceback (most recent call last):
  File "C:\Users\Shudhanshu\AppData\Local\Programs\Python\Python310\lib\site-packages\django\core\handlers\exception.py", line 34, in inner
    response = get_response(request)
  File "C:\Users\Shudhanshu\AppData\Local\Programs\Python\Python310\lib\site-packages\django\core\handlers\base.py", line 115, in _get_response
    response = self.process_exception_by_middleware(e, request)
  File "C:\Users\Shudhanshu\AppData\Local\Programs\Python\Python310\lib\site-packages\django\core\handlers\base.py", line 113, in _get_response
    response = wrapped_callback(request, *callback_args, **callback_kwargs)
  File "C:\Users\Shudhanshu\Documents\GitHub\Top5\Top5Site\main\views.py", line 976, in post
    print(likesCount)
UnboundLocalError: local variable 'likesCount' referenced before assignment
ERROR 2022-04-26 08:42:17,906 C:\Users\Shudhanshu\AppData\Local\Programs\Python\Python310\lib\site-packages\django\core\servers\basehttp.py "GET /posts/-N-RO3kHZu96zLT63EVW/ HTTP/1.1" 500 101183
INFO 2022-04-26 08:42:31,423 C:\Users\Shudhanshu\AppData\Local\Programs\Python\Python310\lib\site-packages\django\utils\autoreload.py C:\Users\Shudhanshu\Documents\GitHub\Top5\Top5Site\main\views.py changed, reloading.
INFO 2022-04-26 08:42:33,392 C:\Users\Shudhanshu\AppData\Local\Programs\Python\Python310\lib\site-packages\django\utils\autoreload.py Watching for file changes with StatReloader
INFO 2022-04-26 08:42:34,622 C:\Users\Shudhanshu\AppData\Local\Programs\Python\Python310\lib\site-packages\oauth2client\transport.py Attempting refresh to obtain initial access_token
INFO 2022-04-26 08:42:34,642 C:\Users\Shudhanshu\AppData\Local\Programs\Python\Python310\lib\site-packages\oauth2client\client.py Refreshing access_token
INFO 2022-04-26 08:42:35,455 C:\Users\Shudhanshu\AppData\Local\Programs\Python\Python310\lib\site-packages\oauth2client\transport.py Attempting refresh to obtain initial access_token
INFO 2022-04-26 08:42:35,460 C:\Users\Shudhanshu\AppData\Local\Programs\Python\Python310\lib\site-packages\oauth2client\client.py Refreshing access_token
INFO 2022-04-26 08:43:40,226 C:\Users\Shudhanshu\AppData\Local\Programs\Python\Python310\lib\site-packages\django\utils\autoreload.py C:\Users\Shudhanshu\Documents\GitHub\Top5\Top5Site\main\views.py changed, reloading.
INFO 2022-04-26 08:43:42,242 C:\Users\Shudhanshu\AppData\Local\Programs\Python\Python310\lib\site-packages\django\utils\autoreload.py Watching for file changes with StatReloader
INFO 2022-04-26 08:43:43,678 C:\Users\Shudhanshu\AppData\Local\Programs\Python\Python310\lib\site-packages\oauth2client\transport.py Attempting refresh to obtain initial access_token
INFO 2022-04-26 08:43:43,683 C:\Users\Shudhanshu\AppData\Local\Programs\Python\Python310\lib\site-packages\oauth2client\client.py Refreshing access_token
INFO 2022-04-26 08:43:44,533 C:\Users\Shudhanshu\AppData\Local\Programs\Python\Python310\lib\site-packages\oauth2client\transport.py Attempting refresh to obtain initial access_token
INFO 2022-04-26 08:43:44,537 C:\Users\Shudhanshu\AppData\Local\Programs\Python\Python310\lib\site-packages\oauth2client\client.py Refreshing access_token
ERROR 2022-04-26 08:43:51,792 C:\Users\Shudhanshu\AppData\Local\Programs\Python\Python310\lib\site-packages\django\utils\log.py Internal Server Error: /posts/-N-RO3kHZu96zLT63EVW/
Traceback (most recent call last):
  File "C:\Users\Shudhanshu\AppData\Local\Programs\Python\Python310\lib\site-packages\django\core\handlers\exception.py", line 34, in inner
    response = get_response(request)
  File "C:\Users\Shudhanshu\AppData\Local\Programs\Python\Python310\lib\site-packages\django\core\handlers\base.py", line 115, in _get_response
    response = self.process_exception_by_middleware(e, request)
  File "C:\Users\Shudhanshu\AppData\Local\Programs\Python\Python310\lib\site-packages\django\core\handlers\base.py", line 113, in _get_response
    response = wrapped_callback(request, *callback_args, **callback_kwargs)
  File "C:\Users\Shudhanshu\Documents\GitHub\Top5\Top5Site\main\views.py", line 999, in post
    print('New like count' + likesCount)
TypeError: can only concatenate str (not "int") to str
ERROR 2022-04-26 08:43:51,793 C:\Users\Shudhanshu\AppData\Local\Programs\Python\Python310\lib\site-packages\django\core\servers\basehttp.py "GET /posts/-N-RO3kHZu96zLT63EVW/ HTTP/1.1" 500 102173
INFO 2022-04-26 08:44:08,164 C:\Users\Shudhanshu\AppData\Local\Programs\Python\Python310\lib\site-packages\django\utils\autoreload.py C:\Users\Shudhanshu\Documents\GitHub\Top5\Top5Site\main\views.py changed, reloading.
INFO 2022-04-26 08:44:09,966 C:\Users\Shudhanshu\AppData\Local\Programs\Python\Python310\lib\site-packages\django\utils\autoreload.py Watching for file changes with StatReloader
INFO 2022-04-26 08:44:10,798 C:\Users\Shudhanshu\AppData\Local\Programs\Python\Python310\lib\site-packages\oauth2client\transport.py Attempting refresh to obtain initial access_token
INFO 2022-04-26 08:44:10,817 C:\Users\Shudhanshu\AppData\Local\Programs\Python\Python310\lib\site-packages\oauth2client\client.py Refreshing access_token
INFO 2022-04-26 08:44:11,800 C:\Users\Shudhanshu\AppData\Local\Programs\Python\Python310\lib\site-packages\oauth2client\transport.py Attempting refresh to obtain initial access_token
INFO 2022-04-26 08:44:11,818 C:\Users\Shudhanshu\AppData\Local\Programs\Python\Python310\lib\site-packages\oauth2client\client.py Refreshing access_token
INFO 2022-04-26 08:45:58,839 C:\Users\Shudhanshu\AppData\Local\Programs\Python\Python310\lib\site-packages\django\utils\autoreload.py C:\Users\Shudhanshu\Documents\GitHub\Top5\Top5Site\main\views.py changed, reloading.
INFO 2022-04-26 08:46:01,507 C:\Users\Shudhanshu\AppData\Local\Programs\Python\Python310\lib\site-packages\django\utils\autoreload.py Watching for file changes with StatReloader
INFO 2022-04-26 08:46:02,694 C:\Users\Shudhanshu\AppData\Local\Programs\Python\Python310\lib\site-packages\oauth2client\transport.py Attempting refresh to obtain initial access_token
INFO 2022-04-26 08:46:02,700 C:\Users\Shudhanshu\AppData\Local\Programs\Python\Python310\lib\site-packages\oauth2client\client.py Refreshing access_token
INFO 2022-04-26 08:46:03,560 C:\Users\Shudhanshu\AppData\Local\Programs\Python\Python310\lib\site-packages\oauth2client\transport.py Attempting refresh to obtain initial access_token
INFO 2022-04-26 08:46:03,585 C:\Users\Shudhanshu\AppData\Local\Programs\Python\Python310\lib\site-packages\oauth2client\client.py Refreshing access_token
INFO 2022-04-26 08:46:10,732 C:\Users\Shudhanshu\AppData\Local\Programs\Python\Python310\lib\site-packages\django\utils\autoreload.py C:\Users\Shudhanshu\Documents\GitHub\Top5\Top5Site\main\views.py changed, reloading.
INFO 2022-04-26 08:46:12,104 C:\Users\Shudhanshu\AppData\Local\Programs\Python\Python310\lib\site-packages\django\utils\autoreload.py Watching for file changes with StatReloader
INFO 2022-04-26 08:46:14,574 C:\Users\Shudhanshu\AppData\Local\Programs\Python\Python310\lib\site-packages\oauth2client\transport.py Attempting refresh to obtain initial access_token
INFO 2022-04-26 08:46:14,580 C:\Users\Shudhanshu\AppData\Local\Programs\Python\Python310\lib\site-packages\oauth2client\client.py Refreshing access_token
INFO 2022-04-26 08:46:15,405 C:\Users\Shudhanshu\AppData\Local\Programs\Python\Python310\lib\site-packages\oauth2client\transport.py Attempting refresh to obtain initial access_token
INFO 2022-04-26 08:46:15,410 C:\Users\Shudhanshu\AppData\Local\Programs\Python\Python310\lib\site-packages\oauth2client\client.py Refreshing access_token
INFO 2022-04-26 08:47:09,014 C:\Users\Shudhanshu\AppData\Local\Programs\Python\Python310\lib\site-packages\django\utils\autoreload.py C:\Users\Shudhanshu\Documents\GitHub\Top5\Top5Site\main\views.py changed, reloading.
INFO 2022-04-26 08:47:10,965 C:\Users\Shudhanshu\AppData\Local\Programs\Python\Python310\lib\site-packages\django\utils\autoreload.py Watching for file changes with StatReloader
INFO 2022-04-26 08:47:11,811 C:\Users\Shudhanshu\AppData\Local\Programs\Python\Python310\lib\site-packages\oauth2client\transport.py Attempting refresh to obtain initial access_token
INFO 2022-04-26 08:47:11,818 C:\Users\Shudhanshu\AppData\Local\Programs\Python\Python310\lib\site-packages\oauth2client\client.py Refreshing access_token
INFO 2022-04-26 08:47:12,748 C:\Users\Shudhanshu\AppData\Local\Programs\Python\Python310\lib\site-packages\oauth2client\transport.py Attempting refresh to obtain initial access_token
INFO 2022-04-26 08:47:12,765 C:\Users\Shudhanshu\AppData\Local\Programs\Python\Python310\lib\site-packages\oauth2client\client.py Refreshing access_token
INFO 2022-04-26 08:47:44,478 C:\Users\Shudhanshu\AppData\Local\Programs\Python\Python310\lib\site-packages\django\utils\autoreload.py C:\Users\Shudhanshu\Documents\GitHub\Top5\Top5Site\main\views.py changed, reloading.
INFO 2022-04-26 08:53:46,198 C:\Users\Shudhanshu\AppData\Local\Programs\Python\Python310\lib\site-packages\django\utils\autoreload.py Watching for file changes with StatReloader
INFO 2022-04-26 08:53:46,615 C:\Users\Shudhanshu\AppData\Local\Programs\Python\Python310\lib\site-packages\oauth2client\transport.py Attempting refresh to obtain initial access_token
INFO 2022-04-26 08:53:46,620 C:\Users\Shudhanshu\AppData\Local\Programs\Python\Python310\lib\site-packages\oauth2client\client.py Refreshing access_token
INFO 2022-04-26 08:53:47,450 C:\Users\Shudhanshu\AppData\Local\Programs\Python\Python310\lib\site-packages\oauth2client\transport.py Attempting refresh to obtain initial access_token
INFO 2022-04-26 08:53:47,455 C:\Users\Shudhanshu\AppData\Local\Programs\Python\Python310\lib\site-packages\oauth2client\client.py Refreshing access_token
INFO 2022-04-26 08:54:14,614 C:\Users\Shudhanshu\AppData\Local\Programs\Python\Python310\lib\site-packages\django\utils\autoreload.py C:\Users\Shudhanshu\Documents\GitHub\Top5\Top5Site\main\views.py changed, reloading.
INFO 2022-04-26 08:54:16,936 C:\Users\Shudhanshu\AppData\Local\Programs\Python\Python310\lib\site-packages\django\utils\autoreload.py Watching for file changes with StatReloader
INFO 2022-04-26 08:54:17,765 C:\Users\Shudhanshu\AppData\Local\Programs\Python\Python310\lib\site-packages\oauth2client\transport.py Attempting refresh to obtain initial access_token
INFO 2022-04-26 08:54:17,771 C:\Users\Shudhanshu\AppData\Local\Programs\Python\Python310\lib\site-packages\oauth2client\client.py Refreshing access_token
INFO 2022-04-26 08:54:18,575 C:\Users\Shudhanshu\AppData\Local\Programs\Python\Python310\lib\site-packages\oauth2client\transport.py Attempting refresh to obtain initial access_token
INFO 2022-04-26 08:54:18,593 C:\Users\Shudhanshu\AppData\Local\Programs\Python\Python310\lib\site-packages\oauth2client\client.py Refreshing access_token
INFO 2022-04-26 08:54:41,299 C:\Users\Shudhanshu\AppData\Local\Programs\Python\Python310\lib\site-packages\django\utils\autoreload.py C:\Users\Shudhanshu\Documents\GitHub\Top5\Top5Site\main\views.py changed, reloading.
INFO 2022-04-26 08:54:42,511 C:\Users\Shudhanshu\AppData\Local\Programs\Python\Python310\lib\site-packages\django\utils\autoreload.py Watching for file changes with StatReloader
INFO 2022-04-26 08:54:44,635 C:\Users\Shudhanshu\AppData\Local\Programs\Python\Python310\lib\site-packages\oauth2client\transport.py Attempting refresh to obtain initial access_token
INFO 2022-04-26 08:54:44,641 C:\Users\Shudhanshu\AppData\Local\Programs\Python\Python310\lib\site-packages\oauth2client\client.py Refreshing access_token
INFO 2022-04-26 08:54:45,422 C:\Users\Shudhanshu\AppData\Local\Programs\Python\Python310\lib\site-packages\oauth2client\transport.py Attempting refresh to obtain initial access_token
INFO 2022-04-26 08:54:45,427 C:\Users\Shudhanshu\AppData\Local\Programs\Python\Python310\lib\site-packages\oauth2client\client.py Refreshing access_token
INFO 2022-04-26 08:56:50,203 C:\Users\Shudhanshu\AppData\Local\Programs\Python\Python310\lib\site-packages\django\utils\autoreload.py C:\Users\Shudhanshu\Documents\GitHub\Top5\Top5Site\main\views.py changed, reloading.
INFO 2022-04-26 08:56:54,229 C:\Users\Shudhanshu\AppData\Local\Programs\Python\Python310\lib\site-packages\django\utils\autoreload.py Watching for file changes with StatReloader
INFO 2022-04-26 08:56:55,413 C:\Users\Shudhanshu\AppData\Local\Programs\Python\Python310\lib\site-packages\oauth2client\transport.py Attempting refresh to obtain initial access_token
INFO 2022-04-26 08:56:55,456 C:\Users\Shudhanshu\AppData\Local\Programs\Python\Python310\lib\site-packages\oauth2client\client.py Refreshing access_token
INFO 2022-04-26 08:56:56,337 C:\Users\Shudhanshu\AppData\Local\Programs\Python\Python310\lib\site-packages\oauth2client\transport.py Attempting refresh to obtain initial access_token
INFO 2022-04-26 08:56:56,342 C:\Users\Shudhanshu\AppData\Local\Programs\Python\Python310\lib\site-packages\oauth2client\client.py Refreshing access_token
INFO 2022-04-26 08:57:05,546 C:\Users\Shudhanshu\AppData\Local\Programs\Python\Python310\lib\site-packages\django\utils\autoreload.py C:\Users\Shudhanshu\Documents\GitHub\Top5\Top5Site\main\views.py changed, reloading.
INFO 2022-04-26 08:57:10,193 C:\Users\Shudhanshu\AppData\Local\Programs\Python\Python310\lib\site-packages\django\utils\autoreload.py Watching for file changes with StatReloader
INFO 2022-04-26 08:57:12,853 C:\Users\Shudhanshu\AppData\Local\Programs\Python\Python310\lib\site-packages\oauth2client\transport.py Attempting refresh to obtain initial access_token
INFO 2022-04-26 08:57:12,871 C:\Users\Shudhanshu\AppData\Local\Programs\Python\Python310\lib\site-packages\oauth2client\client.py Refreshing access_token
INFO 2022-04-26 08:57:13,815 C:\Users\Shudhanshu\AppData\Local\Programs\Python\Python310\lib\site-packages\oauth2client\transport.py Attempting refresh to obtain initial access_token
INFO 2022-04-26 08:57:13,820 C:\Users\Shudhanshu\AppData\Local\Programs\Python\Python310\lib\site-packages\oauth2client\client.py Refreshing access_token
ERROR 2022-04-26 08:57:21,205 C:\Users\Shudhanshu\AppData\Local\Programs\Python\Python310\lib\site-packages\django\utils\log.py Internal Server Error: /posts/-N-RO3kHZu96zLT63EVW/
Traceback (most recent call last):
  File "C:\Users\Shudhanshu\AppData\Local\Programs\Python\Python310\lib\site-packages\django\core\handlers\exception.py", line 34, in inner
    response = get_response(request)
  File "C:\Users\Shudhanshu\AppData\Local\Programs\Python\Python310\lib\site-packages\django\core\handlers\base.py", line 115, in _get_response
    response = self.process_exception_by_middleware(e, request)
  File "C:\Users\Shudhanshu\AppData\Local\Programs\Python\Python310\lib\site-packages\django\core\handlers\base.py", line 113, in _get_response
    response = wrapped_callback(request, *callback_args, **callback_kwargs)
  File "C:\Users\Shudhanshu\Documents\GitHub\Top5\Top5Site\main\views.py", line 977, in post
    print(len(likes))
TypeError: object of type 'int' has no len()
ERROR 2022-04-26 08:57:21,207 C:\Users\Shudhanshu\AppData\Local\Programs\Python\Python310\lib\site-packages\django\core\servers\basehttp.py "GET /posts/-N-RO3kHZu96zLT63EVW/ HTTP/1.1" 500 100634
INFO 2022-04-26 08:57:28,892 C:\Users\Shudhanshu\AppData\Local\Programs\Python\Python310\lib\site-packages\django\utils\autoreload.py C:\Users\Shudhanshu\Documents\GitHub\Top5\Top5Site\main\views.py changed, reloading.
INFO 2022-04-26 08:57:31,375 C:\Users\Shudhanshu\AppData\Local\Programs\Python\Python310\lib\site-packages\django\utils\autoreload.py Watching for file changes with StatReloader
INFO 2022-04-26 08:57:32,842 C:\Users\Shudhanshu\AppData\Local\Programs\Python\Python310\lib\site-packages\oauth2client\transport.py Attempting refresh to obtain initial access_token
INFO 2022-04-26 08:57:32,861 C:\Users\Shudhanshu\AppData\Local\Programs\Python\Python310\lib\site-packages\oauth2client\client.py Refreshing access_token
INFO 2022-04-26 08:57:33,705 C:\Users\Shudhanshu\AppData\Local\Programs\Python\Python310\lib\site-packages\oauth2client\transport.py Attempting refresh to obtain initial access_token
INFO 2022-04-26 08:57:33,710 C:\Users\Shudhanshu\AppData\Local\Programs\Python\Python310\lib\site-packages\oauth2client\client.py Refreshing access_token
ERROR 2022-04-26 08:57:44,483 C:\Users\Shudhanshu\AppData\Local\Programs\Python\Python310\lib\site-packages\django\utils\log.py Internal Server Error: /posts/-N-RO3kHZu96zLT63EVW/
Traceback (most recent call last):
  File "C:\Users\Shudhanshu\AppData\Local\Programs\Python\Python310\lib\site-packages\django\core\handlers\exception.py", line 34, in inner
    response = get_response(request)
  File "C:\Users\Shudhanshu\AppData\Local\Programs\Python\Python310\lib\site-packages\django\core\handlers\base.py", line 115, in _get_response
    response = self.process_exception_by_middleware(e, request)
  File "C:\Users\Shudhanshu\AppData\Local\Programs\Python\Python310\lib\site-packages\django\core\handlers\base.py", line 113, in _get_response
    response = wrapped_callback(request, *callback_args, **callback_kwargs)
  File "C:\Users\Shudhanshu\Documents\GitHub\Top5\Top5Site\main\views.py", line 979, in post
    likes = list(dict(likes).keys())
TypeError: 'int' object is not iterable
ERROR 2022-04-26 08:57:44,485 C:\Users\Shudhanshu\AppData\Local\Programs\Python\Python310\lib\site-packages\django\core\servers\basehttp.py "GET /posts/-N-RO3kHZu96zLT63EVW/ HTTP/1.1" 500 100497
INFO 2022-04-26 08:58:29,437 C:\Users\Shudhanshu\AppData\Local\Programs\Python\Python310\lib\site-packages\django\utils\autoreload.py C:\Users\Shudhanshu\Documents\GitHub\Top5\Top5Site\main\views.py changed, reloading.
INFO 2022-04-26 08:58:31,207 C:\Users\Shudhanshu\AppData\Local\Programs\Python\Python310\lib\site-packages\django\utils\autoreload.py Watching for file changes with StatReloader
INFO 2022-04-26 08:59:06,083 C:\Users\Shudhanshu\AppData\Local\Programs\Python\Python310\lib\site-packages\django\utils\autoreload.py C:\Users\Shudhanshu\Documents\GitHub\Top5\Top5Site\main\views.py changed, reloading.
INFO 2022-04-26 08:59:10,724 C:\Users\Shudhanshu\AppData\Local\Programs\Python\Python310\lib\site-packages\django\utils\autoreload.py Watching for file changes with StatReloader
INFO 2022-04-26 08:59:11,485 C:\Users\Shudhanshu\AppData\Local\Programs\Python\Python310\lib\site-packages\oauth2client\transport.py Attempting refresh to obtain initial access_token
INFO 2022-04-26 08:59:11,491 C:\Users\Shudhanshu\AppData\Local\Programs\Python\Python310\lib\site-packages\oauth2client\client.py Refreshing access_token
INFO 2022-04-26 08:59:12,356 C:\Users\Shudhanshu\AppData\Local\Programs\Python\Python310\lib\site-packages\oauth2client\transport.py Attempting refresh to obtain initial access_token
INFO 2022-04-26 08:59:12,361 C:\Users\Shudhanshu\AppData\Local\Programs\Python\Python310\lib\site-packages\oauth2client\client.py Refreshing access_token
ERROR 2022-04-26 08:59:19,858 C:\Users\Shudhanshu\AppData\Local\Programs\Python\Python310\lib\site-packages\django\utils\log.py Internal Server Error: /posts/-N-RO3kHZu96zLT63EVW/
Traceback (most recent call last):
  File "C:\Users\Shudhanshu\AppData\Local\Programs\Python\Python310\lib\site-packages\django\core\handlers\exception.py", line 34, in inner
    response = get_response(request)
  File "C:\Users\Shudhanshu\AppData\Local\Programs\Python\Python310\lib\site-packages\django\core\handlers\base.py", line 115, in _get_response
    response = self.process_exception_by_middleware(e, request)
  File "C:\Users\Shudhanshu\AppData\Local\Programs\Python\Python310\lib\site-packages\django\core\handlers\base.py", line 113, in _get_response
    response = wrapped_callback(request, *callback_args, **callback_kwargs)
  File "C:\Users\Shudhanshu\Documents\GitHub\Top5\Top5Site\main\views.py", line 979, in post
    likes = list(dict(str(likes)).keys())
ValueError: dictionary update sequence element #0 has length 1; 2 is required
ERROR 2022-04-26 08:59:19,860 C:\Users\Shudhanshu\AppData\Local\Programs\Python\Python310\lib\site-packages\django\core\servers\basehttp.py "GET /posts/-N-RO3kHZu96zLT63EVW/ HTTP/1.1" 500 100621
INFO 2022-04-26 08:59:32,902 C:\Users\Shudhanshu\AppData\Local\Programs\Python\Python310\lib\site-packages\django\utils\autoreload.py C:\Users\Shudhanshu\Documents\GitHub\Top5\Top5Site\main\views.py changed, reloading.
INFO 2022-04-26 08:59:36,616 C:\Users\Shudhanshu\AppData\Local\Programs\Python\Python310\lib\site-packages\django\utils\autoreload.py Watching for file changes with StatReloader
INFO 2022-04-26 08:59:38,211 C:\Users\Shudhanshu\AppData\Local\Programs\Python\Python310\lib\site-packages\oauth2client\transport.py Attempting refresh to obtain initial access_token
INFO 2022-04-26 08:59:38,233 C:\Users\Shudhanshu\AppData\Local\Programs\Python\Python310\lib\site-packages\oauth2client\client.py Refreshing access_token
INFO 2022-04-26 08:59:39,034 C:\Users\Shudhanshu\AppData\Local\Programs\Python\Python310\lib\site-packages\oauth2client\transport.py Attempting refresh to obtain initial access_token
INFO 2022-04-26 08:59:39,039 C:\Users\Shudhanshu\AppData\Local\Programs\Python\Python310\lib\site-packages\oauth2client\client.py Refreshing access_token
INFO 2022-04-26 08:59:49,333 C:\Users\Shudhanshu\AppData\Local\Programs\Python\Python310\lib\site-packages\django\utils\autoreload.py C:\Users\Shudhanshu\Documents\GitHub\Top5\Top5Site\main\views.py changed, reloading.
INFO 2022-04-26 08:59:51,467 C:\Users\Shudhanshu\AppData\Local\Programs\Python\Python310\lib\site-packages\django\utils\autoreload.py Watching for file changes with StatReloader
INFO 2022-04-26 08:59:52,306 C:\Users\Shudhanshu\AppData\Local\Programs\Python\Python310\lib\site-packages\oauth2client\transport.py Attempting refresh to obtain initial access_token
INFO 2022-04-26 08:59:52,312 C:\Users\Shudhanshu\AppData\Local\Programs\Python\Python310\lib\site-packages\oauth2client\client.py Refreshing access_token
INFO 2022-04-26 08:59:54,170 C:\Users\Shudhanshu\AppData\Local\Programs\Python\Python310\lib\site-packages\oauth2client\transport.py Attempting refresh to obtain initial access_token
INFO 2022-04-26 08:59:54,175 C:\Users\Shudhanshu\AppData\Local\Programs\Python\Python310\lib\site-packages\oauth2client\client.py Refreshing access_token
INFO 2022-04-26 09:00:46,041 C:\Users\Shudhanshu\AppData\Local\Programs\Python\Python310\lib\site-packages\django\utils\autoreload.py C:\Users\Shudhanshu\Documents\GitHub\Top5\Top5Site\main\views.py changed, reloading.
INFO 2022-04-26 09:00:50,860 C:\Users\Shudhanshu\AppData\Local\Programs\Python\Python310\lib\site-packages\django\utils\autoreload.py Watching for file changes with StatReloader
INFO 2022-04-26 09:00:51,750 C:\Users\Shudhanshu\AppData\Local\Programs\Python\Python310\lib\site-packages\oauth2client\transport.py Attempting refresh to obtain initial access_token
INFO 2022-04-26 09:00:51,767 C:\Users\Shudhanshu\AppData\Local\Programs\Python\Python310\lib\site-packages\oauth2client\client.py Refreshing access_token
INFO 2022-04-26 09:00:52,631 C:\Users\Shudhanshu\AppData\Local\Programs\Python\Python310\lib\site-packages\oauth2client\transport.py Attempting refresh to obtain initial access_token
INFO 2022-04-26 09:00:52,639 C:\Users\Shudhanshu\AppData\Local\Programs\Python\Python310\lib\site-packages\oauth2client\client.py Refreshing access_token
INFO 2022-04-26 09:03:59,488 C:\Users\Shudhanshu\AppData\Local\Programs\Python\Python310\lib\site-packages\django\utils\autoreload.py C:\Users\Shudhanshu\Documents\GitHub\Top5\Top5Site\main\views.py changed, reloading.
INFO 2022-04-26 09:04:02,207 C:\Users\Shudhanshu\AppData\Local\Programs\Python\Python310\lib\site-packages\django\utils\autoreload.py Watching for file changes with StatReloader
INFO 2022-04-26 09:04:04,101 C:\Users\Shudhanshu\AppData\Local\Programs\Python\Python310\lib\site-packages\oauth2client\transport.py Attempting refresh to obtain initial access_token
INFO 2022-04-26 09:04:04,120 C:\Users\Shudhanshu\AppData\Local\Programs\Python\Python310\lib\site-packages\oauth2client\client.py Refreshing access_token
INFO 2022-04-26 09:04:04,976 C:\Users\Shudhanshu\AppData\Local\Programs\Python\Python310\lib\site-packages\oauth2client\transport.py Attempting refresh to obtain initial access_token
INFO 2022-04-26 09:04:04,981 C:\Users\Shudhanshu\AppData\Local\Programs\Python\Python310\lib\site-packages\oauth2client\client.py Refreshing access_token
ERROR 2022-04-26 09:04:12,609 C:\Users\Shudhanshu\AppData\Local\Programs\Python\Python310\lib\site-packages\django\utils\log.py Internal Server Error: /posts/-N-RO3kHZu96zLT63EVW/
Traceback (most recent call last):
  File "C:\Users\Shudhanshu\AppData\Local\Programs\Python\Python310\lib\site-packages\django\utils\datastructures.py", line 76, in __getitem__
    list_ = super().__getitem__(key)
KeyError: 'postID'

During handling of the above exception, another exception occurred:

Traceback (most recent call last):
  File "C:\Users\Shudhanshu\AppData\Local\Programs\Python\Python310\lib\site-packages\django\core\handlers\exception.py", line 34, in inner
    response = get_response(request)
  File "C:\Users\Shudhanshu\AppData\Local\Programs\Python\Python310\lib\site-packages\django\core\handlers\base.py", line 115, in _get_response
    response = self.process_exception_by_middleware(e, request)
  File "C:\Users\Shudhanshu\AppData\Local\Programs\Python\Python310\lib\site-packages\django\core\handlers\base.py", line 113, in _get_response
    response = wrapped_callback(request, *callback_args, **callback_kwargs)
  File "C:\Users\Shudhanshu\Documents\GitHub\Top5\Top5Site\main\views.py", line 975, in post
    request.POST["postID"] + "/likes").get().val()
  File "C:\Users\Shudhanshu\AppData\Local\Programs\Python\Python310\lib\site-packages\django\utils\datastructures.py", line 78, in __getitem__
    raise MultiValueDictKeyError(key)
django.utils.datastructures.MultiValueDictKeyError: 'postID'
ERROR 2022-04-26 09:04:12,623 C:\Users\Shudhanshu\AppData\Local\Programs\Python\Python310\lib\site-packages\django\core\servers\basehttp.py "GET /posts/-N-RO3kHZu96zLT63EVW/ HTTP/1.1" 500 108730
INFO 2022-04-26 09:04:50,757 C:\Users\Shudhanshu\AppData\Local\Programs\Python\Python310\lib\site-packages\django\utils\autoreload.py C:\Users\Shudhanshu\Documents\GitHub\Top5\Top5Site\main\views.py changed, reloading.
INFO 2022-04-26 09:04:54,722 C:\Users\Shudhanshu\AppData\Local\Programs\Python\Python310\lib\site-packages\django\utils\autoreload.py Watching for file changes with StatReloader
INFO 2022-04-26 09:04:55,383 C:\Users\Shudhanshu\AppData\Local\Programs\Python\Python310\lib\site-packages\oauth2client\transport.py Attempting refresh to obtain initial access_token
INFO 2022-04-26 09:04:55,413 C:\Users\Shudhanshu\AppData\Local\Programs\Python\Python310\lib\site-packages\oauth2client\client.py Refreshing access_token
INFO 2022-04-26 09:04:56,407 C:\Users\Shudhanshu\AppData\Local\Programs\Python\Python310\lib\site-packages\oauth2client\transport.py Attempting refresh to obtain initial access_token
INFO 2022-04-26 09:04:56,424 C:\Users\Shudhanshu\AppData\Local\Programs\Python\Python310\lib\site-packages\oauth2client\client.py Refreshing access_token
